#
# There is insufficient memory for the Java Runtime Environment to continue.
# Native memory allocation (mmap) failed to map 65536 bytes for Failed to commit metaspace.
# Possible reasons:
#   The system is out of physical RAM or swap space
#   The process is running with CompressedOops enabled, and the Java Heap may be blocking the growth of the native heap
# Possible solutions:
#   Reduce memory load on the system
#   Increase physical memory or swap space
#   Check if swap backing store is full
#   Decrease Java heap size (-Xmx/-Xms)
#   Decrease number of Java threads
#   Decrease Java thread stack sizes (-Xss)
#   Set larger code cache with -XX:ReservedCodeCacheSize=
#   JVM is running with Unscaled Compressed Oops mode in which the Java heap is
#     placed in the first 4GB address space. The Java Heap base address is the
#     maximum limit for the native heap growth. Please use -XX:HeapBaseMinAddress
#     to set the Java Heap base and to place the Java Heap above 4GB virtual address.
# This output file may be truncated or incomplete.
#
#  Out of Memory Error (virtualSpaceNode.cpp:110), pid=26396, tid=10948
#
# JRE version: OpenJDK Runtime Environment Temurin-17.0.7+7 (17.0.7+7) (build 17.0.7+7)
# Java VM: OpenJDK 64-Bit Server VM Temurin-17.0.7+7 (17.0.7+7, mixed mode, sharing, tiered, compressed oops, compressed class ptrs, g1 gc, windows-amd64)
# No core dump will be written. Minidumps are not enabled by default on client versions of Windows
#

---------------  S U M M A R Y ------------

Command Line: -Dfile.encoding=UTF-8 -XX:+ShowCodeDetailsInExceptionMessages week16BW.main.Main

Host: AMD Ryzen 5 3500U with Radeon Vega Mobile Gfx  , 8 cores, 5G,  Windows 10 , 64 bit Build 19041 (10.0.19041.3155)
Time: Thu Jul 20 23:44:52 2023 ora legale Europa occidentale elapsed time: 0.300064 seconds (0d 0h 0m 0s)

---------------  T H R E A D  ---------------

Current thread (0x000001acf1534230):  JavaThread "main" [_thread_in_vm, id=10948, stack(0x0000000abf100000,0x0000000abf200000)]

Stack: [0x0000000abf100000,0x0000000abf200000]
Native frames: (J=compiled Java code, j=interpreted, Vv=VM code, C=native code)
V  [jvm.dll+0x67754a]
V  [jvm.dll+0x834304]
V  [jvm.dll+0x835aae]
V  [jvm.dll+0x836113]
V  [jvm.dll+0x24696f]
V  [jvm.dll+0x83039b]
V  [jvm.dll+0x61c006]
V  [jvm.dll+0x61c06a]
V  [jvm.dll+0x61e89a]
V  [jvm.dll+0x61c9a6]
V  [jvm.dll+0x2442bc]
V  [jvm.dll+0x6cdf4d]
V  [jvm.dll+0x6ce97f]
V  [jvm.dll+0x371b23]
V  [jvm.dll+0x370bc4]
V  [jvm.dll+0x370b68]
V  [jvm.dll+0x380a8a]
C  0x000001ac8754b6ce

Java frames: (J=compiled Java code, j=interpreted, Vv=VM code)
j  java.util.PropertyPermission.newPermissionCollection()Ljava/security/PermissionCollection;+0 java.base@17.0.7
j  java.security.Permissions.createPermissionCollection(Ljava/security/Permission;Z)Ljava/security/PermissionCollection;+65 java.base@17.0.7
j  java.security.Permissions.getPermissionCollection(Ljava/security/Permission;Z)Ljava/security/PermissionCollection;+35 java.base@17.0.7
j  java.security.Permissions.add(Ljava/security/Permission;)V+20 java.base@17.0.7
j  sun.security.provider.PolicyFile.addPerms(Ljava/security/Permissions;[Ljava/security/Principal;Lsun/security/provider/PolicyFile$PolicyEntry;)V+98 java.base@17.0.7
j  sun.security.provider.PolicyFile.addPermissions(Ljava/security/Permissions;Ljava/security/CodeSource;[Ljava/security/Principal;Lsun/security/provider/PolicyFile$PolicyEntry;)V+223 java.base@17.0.7
j  sun.security.provider.PolicyFile.getPermissions(Ljava/security/Permissions;Ljava/security/CodeSource;[Ljava/security/Principal;)Ljava/security/Permissions;+42 java.base@17.0.7
j  sun.security.provider.PolicyFile.getPermissions(Ljava/security/Permissions;Ljava/security/ProtectionDomain;)Ljava/security/PermissionCollection;+72 java.base@17.0.7
j  sun.security.provider.PolicyFile.getPermissions(Ljava/security/ProtectionDomain;)Ljava/security/PermissionCollection;+17 java.base@17.0.7
j  sun.security.provider.PolicyFile.implies(Ljava/security/ProtectionDomain;Ljava/security/Permission;)Z+31 java.base@17.0.7
j  java.security.ProtectionDomain.implies(Ljava/security/Permission;)Z+21 java.base@17.0.7
j  java.security.ProtectionDomain.impliesWithAltFilePerm(Ljava/security/Permission;)Z+23 java.base@17.0.7
j  java.security.AccessControlContext.checkPermission(Ljava/security/Permission;)V+323 java.base@17.0.7
j  java.security.AccessController.checkPermission(Ljava/security/Permission;)V+161 java.base@17.0.7
j  ch.qos.logback.core.util.Loader$1.run()Ljava/lang/Boolean;+9
j  ch.qos.logback.core.util.Loader$1.run()Ljava/lang/Object;+1
j  java.security.AccessController.executePrivileged(Ljava/security/PrivilegedAction;Ljava/security/AccessControlContext;Ljava/lang/Class;)Ljava/lang/Object;+29 java.base@17.0.7
j  java.security.AccessController.doPrivileged(Ljava/security/PrivilegedAction;)Ljava/lang/Object;+5 java.base@17.0.7
j  ch.qos.logback.core.util.Loader.<clinit>()V+34
v  ~StubRoutines::call_stub
j  ch.qos.logback.classic.util.DefaultJoranConfigurator.findURLOfDefaultConfigurationFile(Z)Ljava/net/URL;+1
j  ch.qos.logback.classic.util.DefaultJoranConfigurator.configure(Lch/qos/logback/classic/LoggerContext;)Lch/qos/logback/classic/spi/Configurator$ExecutionStatus;+2
j  ch.qos.logback.classic.util.ContextInitializer.autoConfig(Ljava/lang/ClassLoader;)V+115
j  ch.qos.logback.classic.util.ContextInitializer.autoConfig()V+6
j  ch.qos.logback.classic.spi.LogbackServiceProvider.initializeLoggerContext()V+11
j  ch.qos.logback.classic.spi.LogbackServiceProvider.initialize()V+21
j  org.slf4j.LoggerFactory.bind()V+37
j  org.slf4j.LoggerFactory.performInitialization()V+0
j  org.slf4j.LoggerFactory.getProvider()Lorg/slf4j/spi/SLF4JServiceProvider;+21
j  org.slf4j.LoggerFactory.getILoggerFactory()Lorg/slf4j/ILoggerFactory;+0
j  org.slf4j.LoggerFactory.getLogger(Ljava/lang/String;)Lorg/slf4j/Logger;+0
j  org.jboss.logging.Slf4jLoggerProvider.getLogger(Ljava/lang/String;)Lorg/jboss/logging/Logger;+1
j  org.jboss.logging.LoggerProviders.logProvider(Lorg/jboss/logging/LoggerProvider;Ljava/lang/String;)V+3
j  org.jboss.logging.LoggerProviders.trySlf4j(Ljava/lang/String;)Lorg/jboss/logging/LoggerProvider;+10
j  org.jboss.logging.LoggerProviders.findProvider()Lorg/jboss/logging/LoggerProvider;+178
j  org.jboss.logging.LoggerProviders.find()Lorg/jboss/logging/LoggerProvider;+0
j  org.jboss.logging.LoggerProviders.<clinit>()V+0
v  ~StubRoutines::call_stub
j  org.jboss.logging.Logger.getLogger(Ljava/lang/String;)Lorg/jboss/logging/Logger;+0
j  org.jboss.logging.Logger.getLogger(Ljava/lang/Class;)Lorg/jboss/logging/Logger;+4
j  org.hibernate.jpa.HibernatePersistenceProvider.<clinit>()V+2
v  ~StubRoutines::call_stub
j  jdk.internal.reflect.NativeConstructorAccessorImpl.newInstance0(Ljava/lang/reflect/Constructor;[Ljava/lang/Object;)Ljava/lang/Object;+0 java.base@17.0.7
j  jdk.internal.reflect.NativeConstructorAccessorImpl.newInstance([Ljava/lang/Object;)Ljava/lang/Object;+118 java.base@17.0.7
j  jdk.internal.reflect.DelegatingConstructorAccessorImpl.newInstance([Ljava/lang/Object;)Ljava/lang/Object;+5 java.base@17.0.7
j  java.lang.reflect.Constructor.newInstanceWithCaller([Ljava/lang/Object;ZLjava/lang/Class;)Ljava/lang/Object;+65 java.base@17.0.7
j  java.lang.reflect.Constructor.newInstance([Ljava/lang/Object;)Ljava/lang/Object;+30 java.base@17.0.7
j  java.util.ServiceLoader$ProviderImpl.newInstance()Ljava/lang/Object;+19 java.base@17.0.7
j  java.util.ServiceLoader$ProviderImpl.get()Ljava/lang/Object;+13 java.base@17.0.7
j  java.util.ServiceLoader$3.next()Ljava/lang/Object;+58 java.base@17.0.7
j  javax.persistence.spi.PersistenceProviderResolverHolder$DefaultPersistenceProviderResolver.getPersistenceProviders()Ljava/util/List;+83
j  javax.persistence.Persistence.createEntityManagerFactory(Ljava/lang/String;Ljava/util/Map;)Ljavax/persistence/EntityManagerFactory;+7
j  javax.persistence.Persistence.createEntityManagerFactory(Ljava/lang/String;)Ljavax/persistence/EntityManagerFactory;+2
j  week16BW.utils.JpaUtil.<clinit>()V+2
v  ~StubRoutines::call_stub
j  week16BW.main.Main.<clinit>()V+0
v  ~StubRoutines::call_stub

---------------  P R O C E S S  ---------------

Threads class SMR info:
_java_thread_list=0x000001acff7f5130, length=12, elements={
0x000001acf1534230, 0x000001acff5acbe0, 0x000001acff5ada50, 0x000001acff5be840,
0x000001acff5bf3f0, 0x000001acff5c2ec0, 0x000001acff5cb880, 0x000001acff5cfb10,
0x000001acff5d05b0, 0x000001acff5ddbc0, 0x000001acff81d7c0, 0x000001acff826280
}

Java Threads: ( => current thread )
=>0x000001acf1534230 JavaThread "main" [_thread_in_vm, id=10948, stack(0x0000000abf100000,0x0000000abf200000)]
  0x000001acff5acbe0 JavaThread "Reference Handler" daemon [_thread_blocked, id=9884, stack(0x0000000abf800000,0x0000000abf900000)]
  0x000001acff5ada50 JavaThread "Finalizer" daemon [_thread_blocked, id=31308, stack(0x0000000abf900000,0x0000000abfa00000)]
  0x000001acff5be840 JavaThread "Signal Dispatcher" daemon [_thread_blocked, id=13120, stack(0x0000000abfa00000,0x0000000abfb00000)]
  0x000001acff5bf3f0 JavaThread "Attach Listener" daemon [_thread_blocked, id=24016, stack(0x0000000abfb00000,0x0000000abfc00000)]
  0x000001acff5c2ec0 JavaThread "Service Thread" daemon [_thread_blocked, id=23848, stack(0x0000000abfc00000,0x0000000abfd00000)]
  0x000001acff5cb880 JavaThread "Monitor Deflation Thread" daemon [_thread_blocked, id=18140, stack(0x0000000abfd00000,0x0000000abfe00000)]
  0x000001acff5cfb10 JavaThread "C2 CompilerThread0" daemon [_thread_blocked, id=27116, stack(0x0000000abfe00000,0x0000000abff00000)]
  0x000001acff5d05b0 JavaThread "C1 CompilerThread0" daemon [_thread_blocked, id=29004, stack(0x0000000abff00000,0x0000000ac0000000)]
  0x000001acff5ddbc0 JavaThread "Sweeper thread" daemon [_thread_blocked, id=6644, stack(0x0000000ac0000000,0x0000000ac0100000)]
  0x000001acff81d7c0 JavaThread "Notification Thread" daemon [_thread_blocked, id=22660, stack(0x0000000ac0100000,0x0000000ac0200000)]
  0x000001acff826280 JavaThread "Common-Cleaner" daemon [_thread_blocked, id=14096, stack(0x0000000ac0300000,0x0000000ac0400000)]

Other Threads:
  0x000001acff5a8320 VMThread "VM Thread" [stack: 0x0000000abf700000,0x0000000abf800000] [id=30512]
  0x000001acf15b6420 WatcherThread [stack: 0x0000000ac0200000,0x0000000ac0300000] [id=31984]
  0x000001acf157fe70 GCTaskThread "GC Thread#0" [stack: 0x0000000abf200000,0x0000000abf300000] [id=26284]
  0x000001acf15aa440 ConcurrentGCThread "G1 Main Marker" [stack: 0x0000000abf300000,0x0000000abf400000] [id=32176]
  0x000001acf15aae50 ConcurrentGCThread "G1 Conc#0" [stack: 0x0000000abf400000,0x0000000abf500000] [id=31532]
  0x000001acf15fd690 ConcurrentGCThread "G1 Refine#0" [stack: 0x0000000abf500000,0x0000000abf600000] [id=26028]
  0x000001acf15fe0b0 ConcurrentGCThread "G1 Service" [stack: 0x0000000abf600000,0x0000000abf700000] [id=4068]

Threads with active compile tasks:

VM state: not at safepoint (normal execution)

VM Mutex/Monitor currently owned by a thread:  ([mutex/lock_event])
[0x000001acf152c8c0] Metaspace_lock - owner thread: 0x000001acf1534230

Heap address: 0x00000000a1400000, size: 1516 MB, Compressed Oops mode: 32-bit

CDS archive(s) mapped at: [0x0000000800000000-0x0000000800bc0000-0x0000000800bc0000), size 12320768, SharedBaseAddress: 0x0000000800000000, ArchiveRelocationMode: 0.
Compressed class space mapped at: 0x0000000801000000-0x0000000841000000, reserved size: 1073741824
Narrow klass base: 0x0000000800000000, Narrow klass shift: 0, Narrow klass range: 0x100000000

GC Precious Log:
 CPUs: 8 total, 8 available
 Memory: 6057M
 Large Page Support: Disabled
 NUMA Support: Disabled
 Compressed Oops: Enabled (32-bit)
 Heap Region Size: 1M
 Heap Min Capacity: 8M
 Heap Initial Capacity: 96M
 Heap Max Capacity: 1516M
 Pre-touch: Disabled
 Parallel Workers: 8
 Concurrent Workers: 2
 Concurrent Refinement Workers: 8
 Periodic GC: Disabled

Heap:
 garbage-first heap   total 98304K, used 5120K [0x00000000a1400000, 0x0000000100000000)
  region size 1024K, 6 young (6144K), 0 survivors (0K)
 Metaspace       used 1570K, committed 1664K, reserved 1114112K
  class space    used 142K, committed 192K, reserved 1048576K

Heap Regions: E=young(eden), S=young(survivor), O=old, HS=humongous(starts), HC=humongous(continues), CS=collection set, F=free, OA=open archive, CA=closed archive, TAMS=top-at-mark-start (previous, next)
|   0|0x00000000a1400000, 0x00000000a1500000, 0x00000000a1500000|100%|HS|  |TAMS 0x00000000a1400000, 0x00000000a1400000| Complete 
|   1|0x00000000a1500000, 0x00000000a1500000, 0x00000000a1600000|  0%| F|  |TAMS 0x00000000a1500000, 0x00000000a1500000| Untracked 
|   2|0x00000000a1600000, 0x00000000a1600000, 0x00000000a1700000|  0%| F|  |TAMS 0x00000000a1600000, 0x00000000a1600000| Untracked 
|   3|0x00000000a1700000, 0x00000000a1700000, 0x00000000a1800000|  0%| F|  |TAMS 0x00000000a1700000, 0x00000000a1700000| Untracked 
|   4|0x00000000a1800000, 0x00000000a1800000, 0x00000000a1900000|  0%| F|  |TAMS 0x00000000a1800000, 0x00000000a1800000| Untracked 
|   5|0x00000000a1900000, 0x00000000a1900000, 0x00000000a1a00000|  0%| F|  |TAMS 0x00000000a1900000, 0x00000000a1900000| Untracked 
|   6|0x00000000a1a00000, 0x00000000a1a00000, 0x00000000a1b00000|  0%| F|  |TAMS 0x00000000a1a00000, 0x00000000a1a00000| Untracked 
|   7|0x00000000a1b00000, 0x00000000a1b00000, 0x00000000a1c00000|  0%| F|  |TAMS 0x00000000a1b00000, 0x00000000a1b00000| Untracked 
|   8|0x00000000a1c00000, 0x00000000a1c00000, 0x00000000a1d00000|  0%| F|  |TAMS 0x00000000a1c00000, 0x00000000a1c00000| Untracked 
|   9|0x00000000a1d00000, 0x00000000a1d00000, 0x00000000a1e00000|  0%| F|  |TAMS 0x00000000a1d00000, 0x00000000a1d00000| Untracked 
|  10|0x00000000a1e00000, 0x00000000a1e00000, 0x00000000a1f00000|  0%| F|  |TAMS 0x00000000a1e00000, 0x00000000a1e00000| Untracked 
|  11|0x00000000a1f00000, 0x00000000a1f00000, 0x00000000a2000000|  0%| F|  |TAMS 0x00000000a1f00000, 0x00000000a1f00000| Untracked 
|  12|0x00000000a2000000, 0x00000000a2000000, 0x00000000a2100000|  0%| F|  |TAMS 0x00000000a2000000, 0x00000000a2000000| Untracked 
|  13|0x00000000a2100000, 0x00000000a2100000, 0x00000000a2200000|  0%| F|  |TAMS 0x00000000a2100000, 0x00000000a2100000| Untracked 
|  14|0x00000000a2200000, 0x00000000a2200000, 0x00000000a2300000|  0%| F|  |TAMS 0x00000000a2200000, 0x00000000a2200000| Untracked 
|  15|0x00000000a2300000, 0x00000000a2300000, 0x00000000a2400000|  0%| F|  |TAMS 0x00000000a2300000, 0x00000000a2300000| Untracked 
|  16|0x00000000a2400000, 0x00000000a2400000, 0x00000000a2500000|  0%| F|  |TAMS 0x00000000a2400000, 0x00000000a2400000| Untracked 
|  17|0x00000000a2500000, 0x00000000a2500000, 0x00000000a2600000|  0%| F|  |TAMS 0x00000000a2500000, 0x00000000a2500000| Untracked 
|  18|0x00000000a2600000, 0x00000000a2600000, 0x00000000a2700000|  0%| F|  |TAMS 0x00000000a2600000, 0x00000000a2600000| Untracked 
|  19|0x00000000a2700000, 0x00000000a2700000, 0x00000000a2800000|  0%| F|  |TAMS 0x00000000a2700000, 0x00000000a2700000| Untracked 
|  20|0x00000000a2800000, 0x00000000a2800000, 0x00000000a2900000|  0%| F|  |TAMS 0x00000000a2800000, 0x00000000a2800000| Untracked 
|  21|0x00000000a2900000, 0x00000000a2900000, 0x00000000a2a00000|  0%| F|  |TAMS 0x00000000a2900000, 0x00000000a2900000| Untracked 
|  22|0x00000000a2a00000, 0x00000000a2a00000, 0x00000000a2b00000|  0%| F|  |TAMS 0x00000000a2a00000, 0x00000000a2a00000| Untracked 
|  23|0x00000000a2b00000, 0x00000000a2b00000, 0x00000000a2c00000|  0%| F|  |TAMS 0x00000000a2b00000, 0x00000000a2b00000| Untracked 
|  24|0x00000000a2c00000, 0x00000000a2c00000, 0x00000000a2d00000|  0%| F|  |TAMS 0x00000000a2c00000, 0x00000000a2c00000| Untracked 
|  25|0x00000000a2d00000, 0x00000000a2d00000, 0x00000000a2e00000|  0%| F|  |TAMS 0x00000000a2d00000, 0x00000000a2d00000| Untracked 
|  26|0x00000000a2e00000, 0x00000000a2e00000, 0x00000000a2f00000|  0%| F|  |TAMS 0x00000000a2e00000, 0x00000000a2e00000| Untracked 
|  27|0x00000000a2f00000, 0x00000000a2f00000, 0x00000000a3000000|  0%| F|  |TAMS 0x00000000a2f00000, 0x00000000a2f00000| Untracked 
|  28|0x00000000a3000000, 0x00000000a3000000, 0x00000000a3100000|  0%| F|  |TAMS 0x00000000a3000000, 0x00000000a3000000| Untracked 
|  29|0x00000000a3100000, 0x00000000a3100000, 0x00000000a3200000|  0%| F|  |TAMS 0x00000000a3100000, 0x00000000a3100000| Untracked 
|  30|0x00000000a3200000, 0x00000000a3200000, 0x00000000a3300000|  0%| F|  |TAMS 0x00000000a3200000, 0x00000000a3200000| Untracked 
|  31|0x00000000a3300000, 0x00000000a3300000, 0x00000000a3400000|  0%| F|  |TAMS 0x00000000a3300000, 0x00000000a3300000| Untracked 
|  32|0x00000000a3400000, 0x00000000a3400000, 0x00000000a3500000|  0%| F|  |TAMS 0x00000000a3400000, 0x00000000a3400000| Untracked 
|  33|0x00000000a3500000, 0x00000000a3500000, 0x00000000a3600000|  0%| F|  |TAMS 0x00000000a3500000, 0x00000000a3500000| Untracked 
|  34|0x00000000a3600000, 0x00000000a3600000, 0x00000000a3700000|  0%| F|  |TAMS 0x00000000a3600000, 0x00000000a3600000| Untracked 
|  35|0x00000000a3700000, 0x00000000a3700000, 0x00000000a3800000|  0%| F|  |TAMS 0x00000000a3700000, 0x00000000a3700000| Untracked 
|  36|0x00000000a3800000, 0x00000000a3800000, 0x00000000a3900000|  0%| F|  |TAMS 0x00000000a3800000, 0x00000000a3800000| Untracked 
|  37|0x00000000a3900000, 0x00000000a3900000, 0x00000000a3a00000|  0%| F|  |TAMS 0x00000000a3900000, 0x00000000a3900000| Untracked 
|  38|0x00000000a3a00000, 0x00000000a3a00000, 0x00000000a3b00000|  0%| F|  |TAMS 0x00000000a3a00000, 0x00000000a3a00000| Untracked 
|  39|0x00000000a3b00000, 0x00000000a3b00000, 0x00000000a3c00000|  0%| F|  |TAMS 0x00000000a3b00000, 0x00000000a3b00000| Untracked 
|  40|0x00000000a3c00000, 0x00000000a3c00000, 0x00000000a3d00000|  0%| F|  |TAMS 0x00000000a3c00000, 0x00000000a3c00000| Untracked 
|  41|0x00000000a3d00000, 0x00000000a3d00000, 0x00000000a3e00000|  0%| F|  |TAMS 0x00000000a3d00000, 0x00000000a3d00000| Untracked 
|  42|0x00000000a3e00000, 0x00000000a3e00000, 0x00000000a3f00000|  0%| F|  |TAMS 0x00000000a3e00000, 0x00000000a3e00000| Untracked 
|  43|0x00000000a3f00000, 0x00000000a3f00000, 0x00000000a4000000|  0%| F|  |TAMS 0x00000000a3f00000, 0x00000000a3f00000| Untracked 
|  44|0x00000000a4000000, 0x00000000a4000000, 0x00000000a4100000|  0%| F|  |TAMS 0x00000000a4000000, 0x00000000a4000000| Untracked 
|  45|0x00000000a4100000, 0x00000000a4100000, 0x00000000a4200000|  0%| F|  |TAMS 0x00000000a4100000, 0x00000000a4100000| Untracked 
|  46|0x00000000a4200000, 0x00000000a4200000, 0x00000000a4300000|  0%| F|  |TAMS 0x00000000a4200000, 0x00000000a4200000| Untracked 
|  47|0x00000000a4300000, 0x00000000a4300000, 0x00000000a4400000|  0%| F|  |TAMS 0x00000000a4300000, 0x00000000a4300000| Untracked 
|  48|0x00000000a4400000, 0x00000000a4400000, 0x00000000a4500000|  0%| F|  |TAMS 0x00000000a4400000, 0x00000000a4400000| Untracked 
|  49|0x00000000a4500000, 0x00000000a4500000, 0x00000000a4600000|  0%| F|  |TAMS 0x00000000a4500000, 0x00000000a4500000| Untracked 
|  50|0x00000000a4600000, 0x00000000a4600000, 0x00000000a4700000|  0%| F|  |TAMS 0x00000000a4600000, 0x00000000a4600000| Untracked 
|  51|0x00000000a4700000, 0x00000000a4700000, 0x00000000a4800000|  0%| F|  |TAMS 0x00000000a4700000, 0x00000000a4700000| Untracked 
|  52|0x00000000a4800000, 0x00000000a4800000, 0x00000000a4900000|  0%| F|  |TAMS 0x00000000a4800000, 0x00000000a4800000| Untracked 
|  53|0x00000000a4900000, 0x00000000a4900000, 0x00000000a4a00000|  0%| F|  |TAMS 0x00000000a4900000, 0x00000000a4900000| Untracked 
|  54|0x00000000a4a00000, 0x00000000a4a00000, 0x00000000a4b00000|  0%| F|  |TAMS 0x00000000a4a00000, 0x00000000a4a00000| Untracked 
|  55|0x00000000a4b00000, 0x00000000a4b00000, 0x00000000a4c00000|  0%| F|  |TAMS 0x00000000a4b00000, 0x00000000a4b00000| Untracked 
|  56|0x00000000a4c00000, 0x00000000a4c00000, 0x00000000a4d00000|  0%| F|  |TAMS 0x00000000a4c00000, 0x00000000a4c00000| Untracked 
|  57|0x00000000a4d00000, 0x00000000a4d00000, 0x00000000a4e00000|  0%| F|  |TAMS 0x00000000a4d00000, 0x00000000a4d00000| Untracked 
|  58|0x00000000a4e00000, 0x00000000a4e00000, 0x00000000a4f00000|  0%| F|  |TAMS 0x00000000a4e00000, 0x00000000a4e00000| Untracked 
|  59|0x00000000a4f00000, 0x00000000a4f00000, 0x00000000a5000000|  0%| F|  |TAMS 0x00000000a4f00000, 0x00000000a4f00000| Untracked 
|  60|0x00000000a5000000, 0x00000000a5000000, 0x00000000a5100000|  0%| F|  |TAMS 0x00000000a5000000, 0x00000000a5000000| Untracked 
|  61|0x00000000a5100000, 0x00000000a5100000, 0x00000000a5200000|  0%| F|  |TAMS 0x00000000a5100000, 0x00000000a5100000| Untracked 
|  62|0x00000000a5200000, 0x00000000a5200000, 0x00000000a5300000|  0%| F|  |TAMS 0x00000000a5200000, 0x00000000a5200000| Untracked 
|  63|0x00000000a5300000, 0x00000000a5300000, 0x00000000a5400000|  0%| F|  |TAMS 0x00000000a5300000, 0x00000000a5300000| Untracked 
|  64|0x00000000a5400000, 0x00000000a5400000, 0x00000000a5500000|  0%| F|  |TAMS 0x00000000a5400000, 0x00000000a5400000| Untracked 
|  65|0x00000000a5500000, 0x00000000a5500000, 0x00000000a5600000|  0%| F|  |TAMS 0x00000000a5500000, 0x00000000a5500000| Untracked 
|  66|0x00000000a5600000, 0x00000000a5600000, 0x00000000a5700000|  0%| F|  |TAMS 0x00000000a5600000, 0x00000000a5600000| Untracked 
|  67|0x00000000a5700000, 0x00000000a5700000, 0x00000000a5800000|  0%| F|  |TAMS 0x00000000a5700000, 0x00000000a5700000| Untracked 
|  68|0x00000000a5800000, 0x00000000a5800000, 0x00000000a5900000|  0%| F|  |TAMS 0x00000000a5800000, 0x00000000a5800000| Untracked 
|  69|0x00000000a5900000, 0x00000000a5900000, 0x00000000a5a00000|  0%| F|  |TAMS 0x00000000a5900000, 0x00000000a5900000| Untracked 
|  70|0x00000000a5a00000, 0x00000000a5a00000, 0x00000000a5b00000|  0%| F|  |TAMS 0x00000000a5a00000, 0x00000000a5a00000| Untracked 
|  71|0x00000000a5b00000, 0x00000000a5b00000, 0x00000000a5c00000|  0%| F|  |TAMS 0x00000000a5b00000, 0x00000000a5b00000| Untracked 
|  72|0x00000000a5c00000, 0x00000000a5c00000, 0x00000000a5d00000|  0%| F|  |TAMS 0x00000000a5c00000, 0x00000000a5c00000| Untracked 
|  73|0x00000000a5d00000, 0x00000000a5d00000, 0x00000000a5e00000|  0%| F|  |TAMS 0x00000000a5d00000, 0x00000000a5d00000| Untracked 
|  74|0x00000000a5e00000, 0x00000000a5e00000, 0x00000000a5f00000|  0%| F|  |TAMS 0x00000000a5e00000, 0x00000000a5e00000| Untracked 
|  75|0x00000000a5f00000, 0x00000000a5f00000, 0x00000000a6000000|  0%| F|  |TAMS 0x00000000a5f00000, 0x00000000a5f00000| Untracked 
|  76|0x00000000a6000000, 0x00000000a6000000, 0x00000000a6100000|  0%| F|  |TAMS 0x00000000a6000000, 0x00000000a6000000| Untracked 
|  77|0x00000000a6100000, 0x00000000a6100000, 0x00000000a6200000|  0%| F|  |TAMS 0x00000000a6100000, 0x00000000a6100000| Untracked 
|  78|0x00000000a6200000, 0x00000000a6200000, 0x00000000a6300000|  0%| F|  |TAMS 0x00000000a6200000, 0x00000000a6200000| Untracked 
|  79|0x00000000a6300000, 0x00000000a6300000, 0x00000000a6400000|  0%| F|  |TAMS 0x00000000a6300000, 0x00000000a6300000| Untracked 
|  80|0x00000000a6400000, 0x00000000a6400000, 0x00000000a6500000|  0%| F|  |TAMS 0x00000000a6400000, 0x00000000a6400000| Untracked 
|  81|0x00000000a6500000, 0x00000000a6500000, 0x00000000a6600000|  0%| F|  |TAMS 0x00000000a6500000, 0x00000000a6500000| Untracked 
|  82|0x00000000a6600000, 0x00000000a6600000, 0x00000000a6700000|  0%| F|  |TAMS 0x00000000a6600000, 0x00000000a6600000| Untracked 
|  83|0x00000000a6700000, 0x00000000a6700000, 0x00000000a6800000|  0%| F|  |TAMS 0x00000000a6700000, 0x00000000a6700000| Untracked 
|  84|0x00000000a6800000, 0x00000000a6800000, 0x00000000a6900000|  0%| F|  |TAMS 0x00000000a6800000, 0x00000000a6800000| Untracked 
|  85|0x00000000a6900000, 0x00000000a6900000, 0x00000000a6a00000|  0%| F|  |TAMS 0x00000000a6900000, 0x00000000a6900000| Untracked 
|  86|0x00000000a6a00000, 0x00000000a6a00000, 0x00000000a6b00000|  0%| F|  |TAMS 0x00000000a6a00000, 0x00000000a6a00000| Untracked 
|  87|0x00000000a6b00000, 0x00000000a6b00000, 0x00000000a6c00000|  0%| F|  |TAMS 0x00000000a6b00000, 0x00000000a6b00000| Untracked 
|  88|0x00000000a6c00000, 0x00000000a6c00000, 0x00000000a6d00000|  0%| F|  |TAMS 0x00000000a6c00000, 0x00000000a6c00000| Untracked 
|  89|0x00000000a6d00000, 0x00000000a6d00000, 0x00000000a6e00000|  0%| F|  |TAMS 0x00000000a6d00000, 0x00000000a6d00000| Untracked 
|  90|0x00000000a6e00000, 0x00000000a6e774a0, 0x00000000a6f00000| 46%| E|  |TAMS 0x00000000a6e00000, 0x00000000a6e00000| Complete 
|  91|0x00000000a6f00000, 0x00000000a7000000, 0x00000000a7000000|100%| E|CS|TAMS 0x00000000a6f00000, 0x00000000a6f00000| Complete 
|  92|0x00000000a7000000, 0x00000000a7100000, 0x00000000a7100000|100%| E|CS|TAMS 0x00000000a7000000, 0x00000000a7000000| Complete 
|  93|0x00000000a7100000, 0x00000000a7200000, 0x00000000a7200000|100%| E|CS|TAMS 0x00000000a7100000, 0x00000000a7100000| Complete 
|  94|0x00000000a7200000, 0x00000000a7300000, 0x00000000a7300000|100%| E|  |TAMS 0x00000000a7200000, 0x00000000a7200000| Complete 
|  95|0x00000000a7300000, 0x00000000a7400000, 0x00000000a7400000|100%| E|CS|TAMS 0x00000000a7300000, 0x00000000a7300000| Complete 

Card table byte_map: [0x000001acf9650000,0x000001acf9950000] _byte_map_base: 0x000001acf9146000

Marking Bits (Prev, Next): (CMBitMap*) 0x000001acf1580480, (CMBitMap*) 0x000001acf15804c0
 Prev Bits: [0x000001acf9c50000, 0x000001acfb400000)
 Next Bits: [0x000001acfb400000, 0x000001acfcbb0000)

Polling page: 0x000001acef3a0000

Metaspace:

Usage:
  Non-class:      1.39 MB used.
      Class:    142.35 KB used.
       Both:      1.53 MB used.

Virtual space:
  Non-class space:       64.00 MB reserved,       1.44 MB (  2%) committed,  1 nodes.
      Class space:        1.00 GB reserved,     192.00 KB ( <1%) committed,  1 nodes.
             Both:        1.06 GB reserved,       1.62 MB ( <1%) committed. 

Chunk freelists:
   Non-Class:  11.60 MB
       Class:  15.69 MB
        Both:  27.29 MB

MaxMetaspaceSize: unlimited
CompressedClassSpaceSize: 1.00 GB
Initial GC threshold: 21.00 MB
Current GC threshold: 21.00 MB
CDS: on
MetaspaceReclaimPolicy: balanced
 - commit_granule_bytes: 65536.
 - commit_granule_words: 8192.
 - virtual_space_node_default_size: 8388608.
 - enlarge_chunks_in_place: 1.
 - new_chunks_are_fully_committed: 0.
 - uncommit_free_chunks: 1.
 - use_allocation_guard: 0.
 - handle_deallocations: 1.


Internal statistics:

num_allocs_failed_limit: 0.
num_arena_births: 10.
num_arena_deaths: 0.
num_vsnodes_births: 2.
num_vsnodes_deaths: 0.
num_space_committed: 26.
num_space_uncommitted: 0.
num_chunks_returned_to_freelist: 0.
num_chunks_taken_from_freelist: 34.
num_chunk_merges: 0.
num_chunk_splits: 20.
num_chunks_enlarged: 18.
num_inconsistent_stats: 0.

CodeHeap 'non-profiled nmethods': size=120000Kb used=108Kb max_used=108Kb free=119891Kb
 bounds [0x000001ac87ad0000, 0x000001ac87d40000, 0x000001ac8f000000]
CodeHeap 'profiled nmethods': size=120000Kb used=529Kb max_used=529Kb free=119471Kb
 bounds [0x000001ac80000000, 0x000001ac80270000, 0x000001ac87530000]
CodeHeap 'non-nmethods': size=5760Kb used=1110Kb max_used=1124Kb free=4649Kb
 bounds [0x000001ac87530000, 0x000001ac877a0000, 0x000001ac87ad0000]
 total_blobs=728 nmethods=339 adapters=302
 compilation: enabled
              stopped_count=0, restarted_count=0
 full_count=0

Compilation events (20 events):
Event: 0.288 Thread 0x000001acff5cfb10  331   !   4       java.io.BufferedReader::read (104 bytes)
Event: 0.289 Thread 0x000001acff5d05b0 nmethod 329 0x000001ac8007a790 code [0x000001ac8007ad40, 0x000001ac8007d9c8]
Event: 0.289 Thread 0x000001acff5d05b0  332       3       sun.security.provider.PolicyParser::peek (182 bytes)
Event: 0.289 Thread 0x000001acff5d05b0 nmethod 332 0x000001ac8007e410 code [0x000001ac8007e640, 0x000001ac8007ecc8]
Event: 0.289 Thread 0x000001acff5d05b0  333       3       sun.security.provider.PolicyParser::match (778 bytes)
Event: 0.291 Thread 0x000001acff5cfb10 nmethod 331 0x000001ac87ae9f10 code [0x000001ac87aea0a0, 0x000001ac87aea528]
Event: 0.292 Thread 0x000001acff5d05b0 nmethod 333 0x000001ac8007ef10 code [0x000001ac8007f580, 0x000001ac80081b98]
Event: 0.292 Thread 0x000001acff5d05b0  327       3       java.lang.String::<init> (14 bytes)
Event: 0.292 Thread 0x000001acff5d05b0 nmethod 327 0x000001ac80082c10 code [0x000001ac80082dc0, 0x000001ac80082fd8]
Event: 0.292 Thread 0x000001acff5d05b0  336       3       java.lang.Object::equals (11 bytes)
Event: 0.292 Thread 0x000001acff5d05b0 nmethod 336 0x000001ac80083110 code [0x000001ac800832a0, 0x000001ac80083418]
Event: 0.292 Thread 0x000001acff5d05b0  334       3       java.lang.String::copyValueOf (11 bytes)
Event: 0.292 Thread 0x000001acff5d05b0 nmethod 334 0x000001ac80083490 code [0x000001ac80083640, 0x000001ac800837c8]
Event: 0.292 Thread 0x000001acff5d05b0  335       1       java.net.URLStreamHandler::getDefaultPort (2 bytes)
Event: 0.292 Thread 0x000001acff5d05b0 nmethod 335 0x000001ac87aea710 code [0x000001ac87aea8a0, 0x000001ac87aea978]
Event: 0.293 Thread 0x000001acff5d05b0  337       3       java.io.StreamTokenizer::read (38 bytes)
Event: 0.293 Thread 0x000001acff5d05b0 nmethod 337 0x000001ac80083890 code [0x000001ac80083a60, 0x000001ac80083e68]
Event: 0.294 Thread 0x000001acff5d05b0  338       3       java.lang.StringLatin1::indexOf (25 bytes)
Event: 0.294 Thread 0x000001acff5cfb10  339 %     4       java.lang.StringLatin1::indexOf @ 30 (121 bytes)
Event: 0.294 Thread 0x000001acff5d05b0 nmethod 338 0x000001ac80083f90 code [0x000001ac80084140, 0x000001ac80084348]

GC Heap History (0 events):
No events

Dll operation events (6 events):
Event: 0.012 Loaded shared library C:\Program Files\Eclipse Adoptium\jdk-17.0.7.7-hotspot\bin\java.dll
Event: 0.022 Loaded shared library C:\Program Files\Eclipse Adoptium\jdk-17.0.7.7-hotspot\bin\jsvml.dll
Event: 0.105 Loaded shared library C:\Program Files\Eclipse Adoptium\jdk-17.0.7.7-hotspot\bin\net.dll
Event: 0.108 Loaded shared library C:\Program Files\Eclipse Adoptium\jdk-17.0.7.7-hotspot\bin\nio.dll
Event: 0.114 Loaded shared library C:\Program Files\Eclipse Adoptium\jdk-17.0.7.7-hotspot\bin\zip.dll
Event: 0.161 Loaded shared library C:\Program Files\Eclipse Adoptium\jdk-17.0.7.7-hotspot\bin\jimage.dll

Deoptimization events (18 events):
Event: 0.176 Thread 0x000001acf1534230 Uncommon trap: trap_request=0xffffff45 fr.pc=0x000001ac87adafe4 relative=0x0000000000000064
Event: 0.176 Thread 0x000001acf1534230 Uncommon trap: reason=unstable_if action=reinterpret pc=0x000001ac87adafe4 method=java.io.WinNTFileSystem.isSlash(C)Z @ 9 c2
Event: 0.176 Thread 0x000001acf1534230 DEOPT PACKING pc=0x000001ac87adafe4 sp=0x0000000abf1fd890
Event: 0.176 Thread 0x000001acf1534230 DEOPT UNPACKING pc=0x000001ac875869a3 sp=0x0000000abf1fd818 mode 2
Event: 0.218 Thread 0x000001acf1534230 DEOPT PACKING pc=0x000001ac800306e8 sp=0x0000000abf1fb560
Event: 0.218 Thread 0x000001acf1534230 DEOPT UNPACKING pc=0x000001ac87587143 sp=0x0000000abf1fa9f0 mode 0
Event: 0.218 Thread 0x000001acf1534230 DEOPT PACKING pc=0x000001ac8004357c sp=0x0000000abf1fb490
Event: 0.218 Thread 0x000001acf1534230 DEOPT UNPACKING pc=0x000001ac87587143 sp=0x0000000abf1fa940 mode 0
Event: 0.222 Thread 0x000001acf1534230 DEOPT PACKING pc=0x000001ac800306e8 sp=0x0000000abf1f9a40
Event: 0.222 Thread 0x000001acf1534230 DEOPT UNPACKING pc=0x000001ac87587143 sp=0x0000000abf1f8ed0 mode 0
Event: 0.223 Thread 0x000001acf1534230 DEOPT PACKING pc=0x000001ac800241d6 sp=0x0000000abf1f9930
Event: 0.223 Thread 0x000001acf1534230 DEOPT UNPACKING pc=0x000001ac87587143 sp=0x0000000abf1f8db8 mode 0
Event: 0.224 Thread 0x000001acf1534230 DEOPT PACKING pc=0x000001ac800141e7 sp=0x0000000abf1fbaf0
Event: 0.224 Thread 0x000001acf1534230 DEOPT UNPACKING pc=0x000001ac87587143 sp=0x0000000abf1faf10 mode 0
Event: 0.293 Thread 0x000001acf1534230 Uncommon trap: trap_request=0xffffff45 fr.pc=0x000001ac87ae9c7c relative=0x000000000000025c
Event: 0.293 Thread 0x000001acf1534230 Uncommon trap: reason=unstable_if action=reinterpret pc=0x000001ac87ae9c7c method=java.io.BufferedReader.read()I @ 19 c2
Event: 0.293 Thread 0x000001acf1534230 DEOPT PACKING pc=0x000001ac87ae9c7c sp=0x0000000abf1fab80
Event: 0.293 Thread 0x000001acf1534230 DEOPT UNPACKING pc=0x000001ac875869a3 sp=0x0000000abf1faac0 mode 2

Classes unloaded (0 events):
No events

Classes redefined (0 events):
No events

Internal exceptions (2 events):
Event: 0.291 Thread 0x000001acf1534230 Exception <a 'java/lang/ClassNotFoundException'{0x00000000a6e52f18}: javax/smartcardio/CardPermission> (0x00000000a6e52f18) 
thrown [s\src\hotspot\share\classfile\systemDictionary.cpp, line 256]
Event: 0.294 Thread 0x000001acf1534230 Exception <a 'java/io/FileNotFoundException'{0x00000000a6e61658}> (0x00000000a6e61658) 
thrown [s\src\hotspot\share\prims\jni.cpp, line 516]

VM Operations (2 events):
Event: 0.135 Executing VM operation: HandshakeAllThreads
Event: 0.135 Executing VM operation: HandshakeAllThreads done

Events (20 events):
Event: 0.291 loading class sun/security/provider/PolicyFile$4
Event: 0.292 loading class sun/security/provider/PolicyFile$4 done
Event: 0.292 loading class sun/security/util/PolicyUtil
Event: 0.292 loading class sun/security/util/PolicyUtil done
Event: 0.295 loading class sun/security/provider/PolicyParser$ParsingException
Event: 0.295 loading class java/security/GeneralSecurityException
Event: 0.295 loading class java/security/GeneralSecurityException done
Event: 0.295 loading class sun/security/provider/PolicyParser$ParsingException done
Event: 0.295 loading class sun/security/provider/PolicyFile$6
Event: 0.295 loading class sun/security/provider/PolicyFile$6 done
Event: 0.296 loading class sun/security/provider/PolicyFile$8
Event: 0.296 loading class sun/security/provider/PolicyFile$8 done
Event: 0.296 loading class sun/security/provider/PolicyFile$SelfPermission
Event: 0.297 loading class sun/security/provider/PolicyFile$SelfPermission done
Event: 0.297 loading class java/net/SocketPermissionCollection
Event: 0.297 loading class java/net/SocketPermissionCollection done
Event: 0.297 loading class java/net/SocketPermissionCollection$1
Event: 0.297 loading class java/net/SocketPermissionCollection$1 done
Event: 0.297 loading class java/util/PropertyPermissionCollection
Event: 0.298 loading class java/util/PropertyPermissionCollection done


Dynamic libraries:
0x00007ff748d40000 - 0x00007ff748d4e000 	C:\Program Files\Eclipse Adoptium\jdk-17.0.7.7-hotspot\bin\javaw.exe
0x00007ffe859b0000 - 0x00007ffe85ba8000 	C:\WINDOWS\SYSTEM32\ntdll.dll
0x00007ffe51ae0000 - 0x00007ffe51af9000 	C:\Program Files\Avast Software\Avast\aswhook.dll
0x00007ffe83fc0000 - 0x00007ffe8407f000 	C:\WINDOWS\System32\KERNEL32.DLL
0x00007ffe83710000 - 0x00007ffe83a06000 	C:\WINDOWS\System32\KERNELBASE.dll
0x00007ffe833a0000 - 0x00007ffe834a0000 	C:\WINDOWS\System32\ucrtbase.dll
0x00007ffe7d230000 - 0x00007ffe7d247000 	C:\Program Files\Eclipse Adoptium\jdk-17.0.7.7-hotspot\bin\jli.dll
0x00007ffe52390000 - 0x00007ffe523a9000 	C:\Program Files\Eclipse Adoptium\jdk-17.0.7.7-hotspot\bin\VCRUNTIME140.dll
0x00007ffe83e20000 - 0x00007ffe83fbd000 	C:\WINDOWS\System32\USER32.dll
0x00007ffe832d0000 - 0x00007ffe832f2000 	C:\WINDOWS\System32\win32u.dll
0x00007ffe83cf0000 - 0x00007ffe83d1c000 	C:\WINDOWS\System32\GDI32.dll
0x00007ffe6dc80000 - 0x00007ffe6df1a000 	C:\WINDOWS\WinSxS\amd64_microsoft.windows.common-controls_6595b64144ccf1df_6.0.19041.1110_none_60b5254171f9507e\COMCTL32.dll
0x00007ffe83540000 - 0x00007ffe83655000 	C:\WINDOWS\System32\gdi32full.dll
0x00007ffe83d80000 - 0x00007ffe83e1e000 	C:\WINDOWS\System32\msvcrt.dll
0x00007ffe83300000 - 0x00007ffe8339d000 	C:\WINDOWS\System32\msvcp_win.dll
0x00007ffe84df0000 - 0x00007ffe84e20000 	C:\WINDOWS\System32\IMM32.DLL
0x00007ffe58ef0000 - 0x00007ffe58efc000 	C:\Program Files\Eclipse Adoptium\jdk-17.0.7.7-hotspot\bin\vcruntime140_1.dll
0x00007ffe45160000 - 0x00007ffe451f1000 	C:\Program Files\Eclipse Adoptium\jdk-17.0.7.7-hotspot\bin\msvcp140.dll
0x00007ffe363f0000 - 0x00007ffe37038000 	C:\Program Files\Eclipse Adoptium\jdk-17.0.7.7-hotspot\bin\server\jvm.dll
0x00007ffe84c00000 - 0x00007ffe84caf000 	C:\WINDOWS\System32\ADVAPI32.dll
0x00007ffe85850000 - 0x00007ffe858ec000 	C:\WINDOWS\System32\sechost.dll
0x00007ffe84710000 - 0x00007ffe84836000 	C:\WINDOWS\System32\RPCRT4.dll
0x00007ffe78bd0000 - 0x00007ffe78bf7000 	C:\WINDOWS\SYSTEM32\WINMM.dll
0x00007ffe6cbb0000 - 0x00007ffe6cbb9000 	C:\WINDOWS\SYSTEM32\WSOCK32.dll
0x00007ffe7a2a0000 - 0x00007ffe7a2aa000 	C:\WINDOWS\SYSTEM32\VERSION.dll
0x00007ffe84f30000 - 0x00007ffe84f9b000 	C:\WINDOWS\System32\WS2_32.dll
0x00007ffe818d0000 - 0x00007ffe818e2000 	C:\WINDOWS\SYSTEM32\kernel.appcore.dll
0x00007ffe804e0000 - 0x00007ffe804ea000 	C:\Program Files\Eclipse Adoptium\jdk-17.0.7.7-hotspot\bin\jimage.dll
0x00007ffe80f10000 - 0x00007ffe810f4000 	C:\WINDOWS\SYSTEM32\DBGHELP.DLL
0x00007ffe707b0000 - 0x00007ffe707e4000 	C:\WINDOWS\SYSTEM32\dbgcore.DLL
0x00007ffe83090000 - 0x00007ffe83112000 	C:\WINDOWS\System32\bcryptPrimitives.dll
0x00007ffe7c990000 - 0x00007ffe7c9b5000 	C:\Program Files\Eclipse Adoptium\jdk-17.0.7.7-hotspot\bin\java.dll
0x00007ffe7c8b0000 - 0x00007ffe7c986000 	C:\Program Files\Eclipse Adoptium\jdk-17.0.7.7-hotspot\bin\jsvml.dll
0x00007ffe84fd0000 - 0x00007ffe85714000 	C:\WINDOWS\System32\SHELL32.dll
0x00007ffe81120000 - 0x00007ffe818b4000 	C:\WINDOWS\SYSTEM32\windows.storage.dll
0x00007ffe848a0000 - 0x00007ffe84bf4000 	C:\WINDOWS\System32\combase.dll
0x00007ffe82a00000 - 0x00007ffe82a2e000 	C:\WINDOWS\SYSTEM32\Wldp.dll
0x00007ffe84e80000 - 0x00007ffe84f2d000 	C:\WINDOWS\System32\SHCORE.dll
0x00007ffe83d20000 - 0x00007ffe83d75000 	C:\WINDOWS\System32\shlwapi.dll
0x00007ffe82fc0000 - 0x00007ffe82fe5000 	C:\WINDOWS\SYSTEM32\profapi.dll
0x00007ffe7c890000 - 0x00007ffe7c8a9000 	C:\Program Files\Eclipse Adoptium\jdk-17.0.7.7-hotspot\bin\net.dll
0x00007ffe78500000 - 0x00007ffe7860a000 	C:\WINDOWS\SYSTEM32\WINHTTP.dll
0x00007ffe82760000 - 0x00007ffe827ca000 	C:\WINDOWS\system32\mswsock.dll
0x00007ffe7c870000 - 0x00007ffe7c885000 	C:\Program Files\Eclipse Adoptium\jdk-17.0.7.7-hotspot\bin\nio.dll
0x00007ffe7d150000 - 0x00007ffe7d168000 	C:\Program Files\Eclipse Adoptium\jdk-17.0.7.7-hotspot\bin\zip.dll

dbghelp: loaded successfully - version: 4.0.5 - missing functions: none
symbol engine: initialized successfully - sym options: 0x614 - pdb path: .;C:\Program Files\Eclipse Adoptium\jdk-17.0.7.7-hotspot\bin;C:\WINDOWS\SYSTEM32;C:\Program Files\Avast Software\Avast;C:\WINDOWS\WinSxS\amd64_microsoft.windows.common-controls_6595b64144ccf1df_6.0.19041.1110_none_60b5254171f9507e;C:\Program Files\Eclipse Adoptium\jdk-17.0.7.7-hotspot\bin\server

VM Arguments:
jvm_args: -Dfile.encoding=UTF-8 -XX:+ShowCodeDetailsInExceptionMessages 
java_command: week16BW.main.Main
java_class_path (initial): C:\Users\Franc\Desktop\Epicode\Java1\Modulo1\Week16BW\target\classes;C:\Users\Franc\.m2\repository\org\postgresql\postgresql\42.6.0\postgresql-42.6.0.jar;C:\Users\Franc\.m2\repository\org\checkerframework\checker-qual\3.31.0\checker-qual-3.31.0.jar;C:\Users\Franc\.m2\repository\org\hibernate\hibernate-entitymanager\5.6.15.Final\hibernate-entitymanager-5.6.15.Final.jar;C:\Users\Franc\.m2\repository\org\jboss\logging\jboss-logging\3.4.3.Final\jboss-logging-3.4.3.Final.jar;C:\Users\Franc\.m2\repository\org\hibernate\hibernate-core\5.6.15.Final\hibernate-core-5.6.15.Final.jar;C:\Users\Franc\.m2\repository\antlr\antlr\2.7.7\antlr-2.7.7.jar;C:\Users\Franc\.m2\repository\org\jboss\jandex\2.4.2.Final\jandex-2.4.2.Final.jar;C:\Users\Franc\.m2\repository\com\fasterxml\classmate\1.5.1\classmate-1.5.1.jar;C:\Users\Franc\.m2\repository\javax\activation\javax.activation-api\1.2.0\javax.activation-api-1.2.0.jar;C:\Users\Franc\.m2\repository\javax\xml\bind\jaxb-api\2.3.1\jaxb-api-2.3.1.jar;C:\Users\Franc\.m2\repository\org\glassfish\jaxb\jaxb-runtime\2.3.1\jaxb-runtime-2.3.1.jar;C:\Users\Franc\.m2\repository\org\glassfish\jaxb\txw2\2.3.1\txw2-2.3.1.jar;C:\Users\Franc\.m2\repository\com\sun\istack\istack-commons-runtime\3.0.7\istack-commons-runtime-3.0.7.jar;C:\Users\Franc\.m2\repository\org\jvnet\staxex\stax-ex\1.8\stax-ex-1.8.jar;C:\Users\Franc\.m2\repository\com\sun\xml\fastinfoset\FastInfoset\1.2.15\FastInfoset-1.2.15.jar;C:\Users\Franc\.m2\repository\org\hibernate\common\hibernate-commons-annotations\5.1.2.Final\hibernate-commons-annotations-5.1.2.Final.jar;C:\Users\Franc\.m2\repository\javax\persistence\javax.persistence-api\2.2\javax.persistence-api-2.2.jar;C:\Users\Franc\.m2\repository\net\bytebuddy\byte-buddy\1.12.18\byte-buddy-1.12.18.jar;C:\Users\Franc\.m2\repository\org\jboss\spec\javax\transaction\jboss-transaction-api_1.2_spec\1.1.1.Final\jboss-transaction-api_1.2_spec-1.1.1.Final.jar;C:\Users\Franc\.m2\repository\ch\qos\logback\logback-cla
Launcher Type: SUN_STANDARD

[Global flags]
     intx CICompilerCount                          = 4                                         {product} {ergonomic}
     uint ConcGCThreads                            = 2                                         {product} {ergonomic}
     uint G1ConcRefinementThreads                  = 8                                         {product} {ergonomic}
   size_t G1HeapRegionSize                         = 1048576                                   {product} {ergonomic}
    uintx GCDrainStackTargetSize                   = 64                                        {product} {ergonomic}
   size_t InitialHeapSize                          = 100663296                                 {product} {ergonomic}
   size_t MarkStackSize                            = 4194304                                   {product} {ergonomic}
   size_t MaxHeapSize                              = 1589641216                                {product} {ergonomic}
   size_t MaxNewSize                               = 953155584                                 {product} {ergonomic}
   size_t MinHeapDeltaBytes                        = 1048576                                   {product} {ergonomic}
   size_t MinHeapSize                              = 8388608                                   {product} {ergonomic}
    uintx NonNMethodCodeHeapSize                   = 5839372                                {pd product} {ergonomic}
    uintx NonProfiledCodeHeapSize                  = 122909434                              {pd product} {ergonomic}
    uintx ProfiledCodeHeapSize                     = 122909434                              {pd product} {ergonomic}
    uintx ReservedCodeCacheSize                    = 251658240                              {pd product} {ergonomic}
     bool SegmentedCodeCache                       = true                                      {product} {ergonomic}
     bool ShowCodeDetailsInExceptionMessages       = true                                   {manageable} {command line}
   size_t SoftMaxHeapSize                          = 1589641216                             {manageable} {ergonomic}
     bool UseCompressedClassPointers               = true                           {product lp64_product} {ergonomic}
     bool UseCompressedOops                        = true                           {product lp64_product} {ergonomic}
     bool UseG1GC                                  = true                                      {product} {ergonomic}
     bool UseLargePagesIndividualAllocation        = false                                  {pd product} {ergonomic}

Logging:
Log output configuration:
 #0: stdout all=warning uptime,level,tags
 #1: stderr all=off uptime,level,tags

Environment Variables:
JAVA_HOME=C:\Program Files\Eclipse Adoptium\jdk-17.0.7.7-hotspot\
PATH=C:/Program Files/Eclipse Adoptium/jdk-17.0.7.7-hotspot/bin/server;C:/Program Files/Eclipse Adoptium/jdk-17.0.7.7-hotspot/bin;C:\Program Files\Eclipse Adoptium\jdk-17.0.7.7-hotspot\bin;C:\Python311\Scripts\;C:\Python311\;C:\WINDOWS\system32;C:\WINDOWS;C:\WINDOWS\System32\Wbem;C:\WINDOWS\System32\WindowsPowerShell\v1.0\;C:\WINDOWS\System32\OpenSSH\;C:\Program Files\Git\cmd;C:\Program Files\nodejs\;C:\ProgramData\chocolatey\bin;C:\Users\Franc\AppData\Local\Programs\Python\Python36-32\Scripts\;C:\Users\Franc\AppData\Local\Programs\Python\Python36-32\;C:\Users\Franc\AppData\Local\Microsoft\WindowsApps;C:\Users\Franc\AppData\Local\Programs\Microsoft VS Code\bin;C:\Users\Franc\AppData\Roaming\npm;C:\Users\Franc\AppData\Local\GitHubDesktop\bin;C:\Users\Franc\Desktop;
USERNAME=Franc
OS=Windows_NT
PROCESSOR_IDENTIFIER=AMD64 Family 23 Model 24 Stepping 1, AuthenticAMD
TMP=C:\Users\Franc\AppData\Local\Temp
TEMP=C:\Users\Franc\AppData\Local\Temp



---------------  S Y S T E M  ---------------

OS:
 Windows 10 , 64 bit Build 19041 (10.0.19041.3155)
OS uptime: 0 days 15:32 hours

CPU: total 8 (initial active 8) (8 cores per cpu, 2 threads per core) family 23 model 24 stepping 1 microcode 0x0, cx8, cmov, fxsr, ht, mmx, 3dnowpref, sse, sse2, sse3, ssse3, sse4a, sse4.1, sse4.2, popcnt, lzcnt, tsc, tscinvbit, avx, avx2, aes, clmul, bmi1, bmi2, adx, sha, fma, vzeroupper, clflush, clflushopt

Memory: 4k page, system-wide physical 6057M (322M free)
TotalPageFile size 24489M (AvailPageFile size 4M)
current process WorkingSet (physical memory assigned to process): 40M, peak: 40M
current process commit charge ("private bytes"): 180M, peak: 180M

vm_info: OpenJDK 64-Bit Server VM (17.0.7+7) for windows-amd64 JRE (17.0.7+7), built on Apr 18 2023 22:10:42 by "temurin" with MS VC++ 16.7 (VS2019)

END.
