#
# There is insufficient memory for the Java Runtime Environment to continue.
# Native memory allocation (malloc) failed to allocate 813776 bytes for Chunk::new
# Possible reasons:
#   The system is out of physical RAM or swap space
#   The process is running with CompressedOops enabled, and the Java Heap may be blocking the growth of the native heap
# Possible solutions:
#   Reduce memory load on the system
#   Increase physical memory or swap space
#   Check if swap backing store is full
#   Decrease Java heap size (-Xmx/-Xms)
#   Decrease number of Java threads
#   Decrease Java thread stack sizes (-Xss)
#   Set larger code cache with -XX:ReservedCodeCacheSize=
#   JVM is running with Unscaled Compressed Oops mode in which the Java heap is
#     placed in the first 4GB address space. The Java Heap base address is the
#     maximum limit for the native heap growth. Please use -XX:HeapBaseMinAddress
#     to set the Java Heap base and to place the Java Heap above 4GB virtual address.
# This output file may be truncated or incomplete.
#
#  Out of Memory Error (arena.cpp:189), pid=28184, tid=32608
#
# JRE version: OpenJDK Runtime Environment Temurin-17.0.7+7 (17.0.7+7) (build 17.0.7+7)
# Java VM: OpenJDK 64-Bit Server VM Temurin-17.0.7+7 (17.0.7+7, mixed mode, sharing, tiered, compressed oops, compressed class ptrs, g1 gc, windows-amd64)
# No core dump will be written. Minidumps are not enabled by default on client versions of Windows
#

---------------  S U M M A R Y ------------

Command Line: -Dfile.encoding=UTF-8 -XX:+ShowCodeDetailsInExceptionMessages week16BW.main.Main

Host: AMD Ryzen 5 3500U with Radeon Vega Mobile Gfx  , 8 cores, 5G,  Windows 10 , 64 bit Build 19041 (10.0.19041.3155)
Time: Thu Jul 20 23:45:22 2023 ora legale Europa occidentale elapsed time: 1.554434 seconds (0d 0h 0m 1s)

---------------  T H R E A D  ---------------

Current thread (0x000001f771854330):  JavaThread "C2 CompilerThread0" daemon [_thread_in_native, id=32608, stack(0x0000006a28900000,0x0000006a28a00000)]


Current CompileTask:
C2:   1554 1306       4       jdk.internal.org.objectweb.asm.Frame::execute (2305 bytes)

Stack: [0x0000006a28900000,0x0000006a28a00000]
Native frames: (J=compiled Java code, j=interpreted, Vv=VM code, C=native code)
V  [jvm.dll+0x67754a]
V  [jvm.dll+0x834304]
V  [jvm.dll+0x835aae]
V  [jvm.dll+0x836113]
V  [jvm.dll+0x24696f]
V  [jvm.dll+0xac0ac]
V  [jvm.dll+0xac67c]
V  [jvm.dll+0x2adbef]
V  [jvm.dll+0x580067]
V  [jvm.dll+0x221e72]
V  [jvm.dll+0x21b152]
V  [jvm.dll+0x21895b]
V  [jvm.dll+0x1a4d8d]
V  [jvm.dll+0x2284da]
V  [jvm.dll+0x226615]
V  [jvm.dll+0x7ea90b]
V  [jvm.dll+0x7e4e7a]
V  [jvm.dll+0x676395]
C  [ucrtbase.dll+0x21bb2]
C  [KERNEL32.DLL+0x17614]
C  [ntdll.dll+0x526b1]


---------------  P R O C E S S  ---------------

Threads class SMR info:
_java_thread_list=0x000001f771ab0c60, length=12, elements={
0x000001f752843570, 0x000001f77182c810, 0x000001f77182f690, 0x000001f77183f0f0,
0x000001f771840cb0, 0x000001f771843770, 0x000001f77184d140, 0x000001f771854330,
0x000001f771874cf0, 0x000001f7718861b0, 0x000001f771ad2e30, 0x000001f771add9e0
}

Java Threads: ( => current thread )
  0x000001f752843570 JavaThread "main" [_thread_in_Java, id=22456, stack(0x0000006a27c00000,0x0000006a27d00000)]
  0x000001f77182c810 JavaThread "Reference Handler" daemon [_thread_blocked, id=31196, stack(0x0000006a28300000,0x0000006a28400000)]
  0x000001f77182f690 JavaThread "Finalizer" daemon [_thread_blocked, id=31584, stack(0x0000006a28400000,0x0000006a28500000)]
  0x000001f77183f0f0 JavaThread "Signal Dispatcher" daemon [_thread_blocked, id=29400, stack(0x0000006a28500000,0x0000006a28600000)]
  0x000001f771840cb0 JavaThread "Attach Listener" daemon [_thread_blocked, id=12412, stack(0x0000006a28600000,0x0000006a28700000)]
  0x000001f771843770 JavaThread "Service Thread" daemon [_thread_blocked, id=27476, stack(0x0000006a28700000,0x0000006a28800000)]
  0x000001f77184d140 JavaThread "Monitor Deflation Thread" daemon [_thread_blocked, id=32484, stack(0x0000006a28800000,0x0000006a28900000)]
=>0x000001f771854330 JavaThread "C2 CompilerThread0" daemon [_thread_in_native, id=32608, stack(0x0000006a28900000,0x0000006a28a00000)]
  0x000001f771874cf0 JavaThread "C1 CompilerThread0" daemon [_thread_blocked, id=25312, stack(0x0000006a28a00000,0x0000006a28b00000)]
  0x000001f7718861b0 JavaThread "Sweeper thread" daemon [_thread_blocked, id=31192, stack(0x0000006a28b00000,0x0000006a28c00000)]
  0x000001f771ad2e30 JavaThread "Notification Thread" daemon [_thread_blocked, id=28592, stack(0x0000006a28c00000,0x0000006a28d00000)]
  0x000001f771add9e0 JavaThread "Common-Cleaner" daemon [_thread_blocked, id=30936, stack(0x0000006a28e00000,0x0000006a28f00000)]

Other Threads:
  0x000001f771827f50 VMThread "VM Thread" [stack: 0x0000006a28200000,0x0000006a28300000] [id=29160]
  0x000001f771ad5720 WatcherThread [stack: 0x0000006a28d00000,0x0000006a28e00000] [id=29396]
  0x000001f75288fa80 GCTaskThread "GC Thread#0" [stack: 0x0000006a27d00000,0x0000006a27e00000] [id=13980]
  0x000001f7765c5690 GCTaskThread "GC Thread#1" [stack: 0x0000006a28f00000,0x0000006a29000000] [id=30964]
  0x000001f771d52f00 GCTaskThread "GC Thread#2" [stack: 0x0000006a29000000,0x0000006a29100000] [id=22376]
  0x000001f776523c70 GCTaskThread "GC Thread#3" [stack: 0x0000006a29100000,0x0000006a29200000] [id=31776]
  0x000001f776523f20 GCTaskThread "GC Thread#4" [stack: 0x0000006a29200000,0x0000006a29300000] [id=27932]
  0x000001f7766d2f20 GCTaskThread "GC Thread#5" [stack: 0x0000006a29300000,0x0000006a29400000] [id=32384]
  0x000001f7766d33e0 GCTaskThread "GC Thread#6" [stack: 0x0000006a29400000,0x0000006a29500000] [id=23004]
  0x000001f75289cee0 ConcurrentGCThread "G1 Main Marker" [stack: 0x0000006a27e00000,0x0000006a27f00000] [id=30748]
  0x000001f75289d8f0 ConcurrentGCThread "G1 Conc#0" [stack: 0x0000006a27f00000,0x0000006a28000000] [id=8448]
  0x000001f752905270 ConcurrentGCThread "G1 Refine#0" [stack: 0x0000006a28000000,0x0000006a28100000] [id=23752]
  0x000001f752905c90 ConcurrentGCThread "G1 Service" [stack: 0x0000006a28100000,0x0000006a28200000] [id=25852]

Threads with active compile tasks:
C2 CompilerThread0     1583 1306       4       jdk.internal.org.objectweb.asm.Frame::execute (2305 bytes)

VM state: not at safepoint (normal execution)

VM Mutex/Monitor currently owned by a thread: None

Heap address: 0x00000000a1400000, size: 1516 MB, Compressed Oops mode: 32-bit

CDS archive(s) mapped at: [0x0000000800000000-0x0000000800bc0000-0x0000000800bc0000), size 12320768, SharedBaseAddress: 0x0000000800000000, ArchiveRelocationMode: 0.
Compressed class space mapped at: 0x0000000801000000-0x0000000841000000, reserved size: 1073741824
Narrow klass base: 0x0000000800000000, Narrow klass shift: 0, Narrow klass range: 0x100000000

GC Precious Log:
 CPUs: 8 total, 8 available
 Memory: 6057M
 Large Page Support: Disabled
 NUMA Support: Disabled
 Compressed Oops: Enabled (32-bit)
 Heap Region Size: 1M
 Heap Min Capacity: 8M
 Heap Initial Capacity: 96M
 Heap Max Capacity: 1516M
 Pre-touch: Disabled
 Parallel Workers: 8
 Concurrent Workers: 2
 Concurrent Refinement Workers: 8
 Periodic GC: Disabled

Heap:
 garbage-first heap   total 98304K, used 19488K [0x00000000a1400000, 0x0000000100000000)
  region size 1024K, 18 young (18432K), 3 survivors (3072K)
 Metaspace       used 14979K, committed 15168K, reserved 1114112K
  class space    used 2010K, committed 2112K, reserved 1048576K

Heap Regions: E=young(eden), S=young(survivor), O=old, HS=humongous(starts), HC=humongous(continues), CS=collection set, F=free, OA=open archive, CA=closed archive, TAMS=top-at-mark-start (previous, next)
|   0|0x00000000a1400000, 0x00000000a1500000, 0x00000000a1500000|100%|HS|  |TAMS 0x00000000a1400000, 0x00000000a1400000| Complete 
|   1|0x00000000a1500000, 0x00000000a1600000, 0x00000000a1600000|100%| O|  |TAMS 0x00000000a1500000, 0x00000000a1500000| Untracked 
|   2|0x00000000a1600000, 0x00000000a1608000, 0x00000000a1700000|  3%| O|  |TAMS 0x00000000a1600000, 0x00000000a1600000| Untracked 
|   3|0x00000000a1700000, 0x00000000a1700000, 0x00000000a1800000|  0%| F|  |TAMS 0x00000000a1700000, 0x00000000a1700000| Untracked 
|   4|0x00000000a1800000, 0x00000000a1800000, 0x00000000a1900000|  0%| F|  |TAMS 0x00000000a1800000, 0x00000000a1800000| Untracked 
|   5|0x00000000a1900000, 0x00000000a1900000, 0x00000000a1a00000|  0%| F|  |TAMS 0x00000000a1900000, 0x00000000a1900000| Untracked 
|   6|0x00000000a1a00000, 0x00000000a1a00000, 0x00000000a1b00000|  0%| F|  |TAMS 0x00000000a1a00000, 0x00000000a1a00000| Untracked 
|   7|0x00000000a1b00000, 0x00000000a1b00000, 0x00000000a1c00000|  0%| F|  |TAMS 0x00000000a1b00000, 0x00000000a1b00000| Untracked 
|   8|0x00000000a1c00000, 0x00000000a1c00000, 0x00000000a1d00000|  0%| F|  |TAMS 0x00000000a1c00000, 0x00000000a1c00000| Untracked 
|   9|0x00000000a1d00000, 0x00000000a1d00000, 0x00000000a1e00000|  0%| F|  |TAMS 0x00000000a1d00000, 0x00000000a1d00000| Untracked 
|  10|0x00000000a1e00000, 0x00000000a1e00000, 0x00000000a1f00000|  0%| F|  |TAMS 0x00000000a1e00000, 0x00000000a1e00000| Untracked 
|  11|0x00000000a1f00000, 0x00000000a1f00000, 0x00000000a2000000|  0%| F|  |TAMS 0x00000000a1f00000, 0x00000000a1f00000| Untracked 
|  12|0x00000000a2000000, 0x00000000a2000000, 0x00000000a2100000|  0%| F|  |TAMS 0x00000000a2000000, 0x00000000a2000000| Untracked 
|  13|0x00000000a2100000, 0x00000000a2100000, 0x00000000a2200000|  0%| F|  |TAMS 0x00000000a2100000, 0x00000000a2100000| Untracked 
|  14|0x00000000a2200000, 0x00000000a2200000, 0x00000000a2300000|  0%| F|  |TAMS 0x00000000a2200000, 0x00000000a2200000| Untracked 
|  15|0x00000000a2300000, 0x00000000a2300000, 0x00000000a2400000|  0%| F|  |TAMS 0x00000000a2300000, 0x00000000a2300000| Untracked 
|  16|0x00000000a2400000, 0x00000000a2400000, 0x00000000a2500000|  0%| F|  |TAMS 0x00000000a2400000, 0x00000000a2400000| Untracked 
|  17|0x00000000a2500000, 0x00000000a2500000, 0x00000000a2600000|  0%| F|  |TAMS 0x00000000a2500000, 0x00000000a2500000| Untracked 
|  18|0x00000000a2600000, 0x00000000a2600000, 0x00000000a2700000|  0%| F|  |TAMS 0x00000000a2600000, 0x00000000a2600000| Untracked 
|  19|0x00000000a2700000, 0x00000000a2700000, 0x00000000a2800000|  0%| F|  |TAMS 0x00000000a2700000, 0x00000000a2700000| Untracked 
|  20|0x00000000a2800000, 0x00000000a2800000, 0x00000000a2900000|  0%| F|  |TAMS 0x00000000a2800000, 0x00000000a2800000| Untracked 
|  21|0x00000000a2900000, 0x00000000a2900000, 0x00000000a2a00000|  0%| F|  |TAMS 0x00000000a2900000, 0x00000000a2900000| Untracked 
|  22|0x00000000a2a00000, 0x00000000a2a00000, 0x00000000a2b00000|  0%| F|  |TAMS 0x00000000a2a00000, 0x00000000a2a00000| Untracked 
|  23|0x00000000a2b00000, 0x00000000a2b00000, 0x00000000a2c00000|  0%| F|  |TAMS 0x00000000a2b00000, 0x00000000a2b00000| Untracked 
|  24|0x00000000a2c00000, 0x00000000a2c00000, 0x00000000a2d00000|  0%| F|  |TAMS 0x00000000a2c00000, 0x00000000a2c00000| Untracked 
|  25|0x00000000a2d00000, 0x00000000a2d00000, 0x00000000a2e00000|  0%| F|  |TAMS 0x00000000a2d00000, 0x00000000a2d00000| Untracked 
|  26|0x00000000a2e00000, 0x00000000a2e00000, 0x00000000a2f00000|  0%| F|  |TAMS 0x00000000a2e00000, 0x00000000a2e00000| Untracked 
|  27|0x00000000a2f00000, 0x00000000a2f00000, 0x00000000a3000000|  0%| F|  |TAMS 0x00000000a2f00000, 0x00000000a2f00000| Untracked 
|  28|0x00000000a3000000, 0x00000000a3000000, 0x00000000a3100000|  0%| F|  |TAMS 0x00000000a3000000, 0x00000000a3000000| Untracked 
|  29|0x00000000a3100000, 0x00000000a3100000, 0x00000000a3200000|  0%| F|  |TAMS 0x00000000a3100000, 0x00000000a3100000| Untracked 
|  30|0x00000000a3200000, 0x00000000a3200000, 0x00000000a3300000|  0%| F|  |TAMS 0x00000000a3200000, 0x00000000a3200000| Untracked 
|  31|0x00000000a3300000, 0x00000000a3300000, 0x00000000a3400000|  0%| F|  |TAMS 0x00000000a3300000, 0x00000000a3300000| Untracked 
|  32|0x00000000a3400000, 0x00000000a3400000, 0x00000000a3500000|  0%| F|  |TAMS 0x00000000a3400000, 0x00000000a3400000| Untracked 
|  33|0x00000000a3500000, 0x00000000a3500000, 0x00000000a3600000|  0%| F|  |TAMS 0x00000000a3500000, 0x00000000a3500000| Untracked 
|  34|0x00000000a3600000, 0x00000000a3600000, 0x00000000a3700000|  0%| F|  |TAMS 0x00000000a3600000, 0x00000000a3600000| Untracked 
|  35|0x00000000a3700000, 0x00000000a3700000, 0x00000000a3800000|  0%| F|  |TAMS 0x00000000a3700000, 0x00000000a3700000| Untracked 
|  36|0x00000000a3800000, 0x00000000a3800000, 0x00000000a3900000|  0%| F|  |TAMS 0x00000000a3800000, 0x00000000a3800000| Untracked 
|  37|0x00000000a3900000, 0x00000000a3900000, 0x00000000a3a00000|  0%| F|  |TAMS 0x00000000a3900000, 0x00000000a3900000| Untracked 
|  38|0x00000000a3a00000, 0x00000000a3a00000, 0x00000000a3b00000|  0%| F|  |TAMS 0x00000000a3a00000, 0x00000000a3a00000| Untracked 
|  39|0x00000000a3b00000, 0x00000000a3b00000, 0x00000000a3c00000|  0%| F|  |TAMS 0x00000000a3b00000, 0x00000000a3b00000| Untracked 
|  40|0x00000000a3c00000, 0x00000000a3c00000, 0x00000000a3d00000|  0%| F|  |TAMS 0x00000000a3c00000, 0x00000000a3c00000| Untracked 
|  41|0x00000000a3d00000, 0x00000000a3d00000, 0x00000000a3e00000|  0%| F|  |TAMS 0x00000000a3d00000, 0x00000000a3d00000| Untracked 
|  42|0x00000000a3e00000, 0x00000000a3e00000, 0x00000000a3f00000|  0%| F|  |TAMS 0x00000000a3e00000, 0x00000000a3e00000| Untracked 
|  43|0x00000000a3f00000, 0x00000000a3f00000, 0x00000000a4000000|  0%| F|  |TAMS 0x00000000a3f00000, 0x00000000a3f00000| Untracked 
|  44|0x00000000a4000000, 0x00000000a4000000, 0x00000000a4100000|  0%| F|  |TAMS 0x00000000a4000000, 0x00000000a4000000| Untracked 
|  45|0x00000000a4100000, 0x00000000a4100000, 0x00000000a4200000|  0%| F|  |TAMS 0x00000000a4100000, 0x00000000a4100000| Untracked 
|  46|0x00000000a4200000, 0x00000000a4200000, 0x00000000a4300000|  0%| F|  |TAMS 0x00000000a4200000, 0x00000000a4200000| Untracked 
|  47|0x00000000a4300000, 0x00000000a4300000, 0x00000000a4400000|  0%| F|  |TAMS 0x00000000a4300000, 0x00000000a4300000| Untracked 
|  48|0x00000000a4400000, 0x00000000a4400000, 0x00000000a4500000|  0%| F|  |TAMS 0x00000000a4400000, 0x00000000a4400000| Untracked 
|  49|0x00000000a4500000, 0x00000000a4500000, 0x00000000a4600000|  0%| F|  |TAMS 0x00000000a4500000, 0x00000000a4500000| Untracked 
|  50|0x00000000a4600000, 0x00000000a4600000, 0x00000000a4700000|  0%| F|  |TAMS 0x00000000a4600000, 0x00000000a4600000| Untracked 
|  51|0x00000000a4700000, 0x00000000a4700000, 0x00000000a4800000|  0%| F|  |TAMS 0x00000000a4700000, 0x00000000a4700000| Untracked 
|  52|0x00000000a4800000, 0x00000000a4800000, 0x00000000a4900000|  0%| F|  |TAMS 0x00000000a4800000, 0x00000000a4800000| Untracked 
|  53|0x00000000a4900000, 0x00000000a4900000, 0x00000000a4a00000|  0%| F|  |TAMS 0x00000000a4900000, 0x00000000a4900000| Untracked 
|  54|0x00000000a4a00000, 0x00000000a4a00000, 0x00000000a4b00000|  0%| F|  |TAMS 0x00000000a4a00000, 0x00000000a4a00000| Untracked 
|  55|0x00000000a4b00000, 0x00000000a4b00000, 0x00000000a4c00000|  0%| F|  |TAMS 0x00000000a4b00000, 0x00000000a4b00000| Untracked 
|  56|0x00000000a4c00000, 0x00000000a4c00000, 0x00000000a4d00000|  0%| F|  |TAMS 0x00000000a4c00000, 0x00000000a4c00000| Untracked 
|  57|0x00000000a4d00000, 0x00000000a4d00000, 0x00000000a4e00000|  0%| F|  |TAMS 0x00000000a4d00000, 0x00000000a4d00000| Untracked 
|  58|0x00000000a4e00000, 0x00000000a4e00000, 0x00000000a4f00000|  0%| F|  |TAMS 0x00000000a4e00000, 0x00000000a4e00000| Untracked 
|  59|0x00000000a4f00000, 0x00000000a4f00000, 0x00000000a5000000|  0%| F|  |TAMS 0x00000000a4f00000, 0x00000000a4f00000| Untracked 
|  60|0x00000000a5000000, 0x00000000a5000000, 0x00000000a5100000|  0%| F|  |TAMS 0x00000000a5000000, 0x00000000a5000000| Untracked 
|  61|0x00000000a5100000, 0x00000000a5100000, 0x00000000a5200000|  0%| F|  |TAMS 0x00000000a5100000, 0x00000000a5100000| Untracked 
|  62|0x00000000a5200000, 0x00000000a5200000, 0x00000000a5300000|  0%| F|  |TAMS 0x00000000a5200000, 0x00000000a5200000| Untracked 
|  63|0x00000000a5300000, 0x00000000a5300000, 0x00000000a5400000|  0%| F|  |TAMS 0x00000000a5300000, 0x00000000a5300000| Untracked 
|  64|0x00000000a5400000, 0x00000000a5400000, 0x00000000a5500000|  0%| F|  |TAMS 0x00000000a5400000, 0x00000000a5400000| Untracked 
|  65|0x00000000a5500000, 0x00000000a5500000, 0x00000000a5600000|  0%| F|  |TAMS 0x00000000a5500000, 0x00000000a5500000| Untracked 
|  66|0x00000000a5600000, 0x00000000a5600000, 0x00000000a5700000|  0%| F|  |TAMS 0x00000000a5600000, 0x00000000a5600000| Untracked 
|  67|0x00000000a5700000, 0x00000000a5700000, 0x00000000a5800000|  0%| F|  |TAMS 0x00000000a5700000, 0x00000000a5700000| Untracked 
|  68|0x00000000a5800000, 0x00000000a5800000, 0x00000000a5900000|  0%| F|  |TAMS 0x00000000a5800000, 0x00000000a5800000| Untracked 
|  69|0x00000000a5900000, 0x00000000a5900000, 0x00000000a5a00000|  0%| F|  |TAMS 0x00000000a5900000, 0x00000000a5900000| Untracked 
|  70|0x00000000a5a00000, 0x00000000a5b00000, 0x00000000a5b00000|100%| S|CS|TAMS 0x00000000a5a00000, 0x00000000a5a00000| Complete 
|  71|0x00000000a5b00000, 0x00000000a5c00000, 0x00000000a5c00000|100%| S|CS|TAMS 0x00000000a5b00000, 0x00000000a5b00000| Complete 
|  72|0x00000000a5c00000, 0x00000000a5d00000, 0x00000000a5d00000|100%| S|CS|TAMS 0x00000000a5c00000, 0x00000000a5c00000| Complete 
|  73|0x00000000a5d00000, 0x00000000a5d00000, 0x00000000a5e00000|  0%| F|  |TAMS 0x00000000a5d00000, 0x00000000a5d00000| Untracked 
|  74|0x00000000a5e00000, 0x00000000a5e00000, 0x00000000a5f00000|  0%| F|  |TAMS 0x00000000a5e00000, 0x00000000a5e00000| Untracked 
|  75|0x00000000a5f00000, 0x00000000a5f00000, 0x00000000a6000000|  0%| F|  |TAMS 0x00000000a5f00000, 0x00000000a5f00000| Untracked 
|  76|0x00000000a6000000, 0x00000000a6000000, 0x00000000a6100000|  0%| F|  |TAMS 0x00000000a6000000, 0x00000000a6000000| Untracked 
|  77|0x00000000a6100000, 0x00000000a6100000, 0x00000000a6200000|  0%| F|  |TAMS 0x00000000a6100000, 0x00000000a6100000| Untracked 
|  78|0x00000000a6200000, 0x00000000a6200000, 0x00000000a6300000|  0%| F|  |TAMS 0x00000000a6200000, 0x00000000a6200000| Untracked 
|  79|0x00000000a6300000, 0x00000000a6300000, 0x00000000a6400000|  0%| F|  |TAMS 0x00000000a6300000, 0x00000000a6300000| Untracked 
|  80|0x00000000a6400000, 0x00000000a6400000, 0x00000000a6500000|  0%| F|  |TAMS 0x00000000a6400000, 0x00000000a6400000| Untracked 
|  81|0x00000000a6500000, 0x00000000a6580800, 0x00000000a6600000| 50%| E|  |TAMS 0x00000000a6500000, 0x00000000a6500000| Complete 
|  82|0x00000000a6600000, 0x00000000a6700000, 0x00000000a6700000|100%| E|CS|TAMS 0x00000000a6600000, 0x00000000a6600000| Complete 
|  83|0x00000000a6700000, 0x00000000a6800000, 0x00000000a6800000|100%| E|CS|TAMS 0x00000000a6700000, 0x00000000a6700000| Complete 
|  84|0x00000000a6800000, 0x00000000a6900000, 0x00000000a6900000|100%| E|CS|TAMS 0x00000000a6800000, 0x00000000a6800000| Complete 
|  85|0x00000000a6900000, 0x00000000a6a00000, 0x00000000a6a00000|100%| E|CS|TAMS 0x00000000a6900000, 0x00000000a6900000| Complete 
|  86|0x00000000a6a00000, 0x00000000a6b00000, 0x00000000a6b00000|100%| E|CS|TAMS 0x00000000a6a00000, 0x00000000a6a00000| Complete 
|  87|0x00000000a6b00000, 0x00000000a6c00000, 0x00000000a6c00000|100%| E|CS|TAMS 0x00000000a6b00000, 0x00000000a6b00000| Complete 
|  88|0x00000000a6c00000, 0x00000000a6d00000, 0x00000000a6d00000|100%| E|CS|TAMS 0x00000000a6c00000, 0x00000000a6c00000| Complete 
|  89|0x00000000a6d00000, 0x00000000a6e00000, 0x00000000a6e00000|100%| E|CS|TAMS 0x00000000a6d00000, 0x00000000a6d00000| Complete 
|  90|0x00000000a6e00000, 0x00000000a6f00000, 0x00000000a6f00000|100%| E|CS|TAMS 0x00000000a6e00000, 0x00000000a6e00000| Complete 
|  91|0x00000000a6f00000, 0x00000000a7000000, 0x00000000a7000000|100%| E|CS|TAMS 0x00000000a6f00000, 0x00000000a6f00000| Complete 
|  92|0x00000000a7000000, 0x00000000a7100000, 0x00000000a7100000|100%| E|CS|TAMS 0x00000000a7000000, 0x00000000a7000000| Complete 
|  93|0x00000000a7100000, 0x00000000a7200000, 0x00000000a7200000|100%| E|CS|TAMS 0x00000000a7100000, 0x00000000a7100000| Complete 
|  94|0x00000000a7200000, 0x00000000a7300000, 0x00000000a7300000|100%| E|CS|TAMS 0x00000000a7200000, 0x00000000a7200000| Complete 
|  95|0x00000000a7300000, 0x00000000a7400000, 0x00000000a7400000|100%| E|CS|TAMS 0x00000000a7300000, 0x00000000a7300000| Complete 

Card table byte_map: [0x000001f76b880000,0x000001f76bb80000] _byte_map_base: 0x000001f76b376000

Marking Bits (Prev, Next): (CMBitMap*) 0x000001f752890090, (CMBitMap*) 0x000001f7528900d0
 Prev Bits: [0x000001f76be80000, 0x000001f76d630000)
 Next Bits: [0x000001f76d630000, 0x000001f76ede0000)

Polling page: 0x000001f752910000

Metaspace:

Usage:
  Non-class:     12.68 MB used.
      Class:      1.97 MB used.
       Both:     14.64 MB used.

Virtual space:
  Non-class space:       64.00 MB reserved,      12.81 MB ( 20%) committed,  1 nodes.
      Class space:        1.00 GB reserved,       2.06 MB ( <1%) committed,  1 nodes.
             Both:        1.06 GB reserved,      14.88 MB (  1%) committed. 

Chunk freelists:
   Non-Class:  2.59 MB
       Class:  13.85 MB
        Both:  16.44 MB

MaxMetaspaceSize: unlimited
CompressedClassSpaceSize: 1.00 GB
Initial GC threshold: 21.00 MB
Current GC threshold: 21.00 MB
CDS: on
MetaspaceReclaimPolicy: balanced
 - commit_granule_bytes: 65536.
 - commit_granule_words: 8192.
 - virtual_space_node_default_size: 8388608.
 - enlarge_chunks_in_place: 1.
 - new_chunks_are_fully_committed: 0.
 - uncommit_free_chunks: 1.
 - use_allocation_guard: 0.
 - handle_deallocations: 1.


Internal statistics:

num_allocs_failed_limit: 0.
num_arena_births: 128.
num_arena_deaths: 0.
num_vsnodes_births: 2.
num_vsnodes_deaths: 0.
num_space_committed: 238.
num_space_uncommitted: 0.
num_chunks_returned_to_freelist: 0.
num_chunks_taken_from_freelist: 488.
num_chunk_merges: 0.
num_chunk_splits: 338.
num_chunks_enlarged: 273.
num_inconsistent_stats: 0.

CodeHeap 'non-profiled nmethods': size=120000Kb used=498Kb max_used=498Kb free=119501Kb
 bounds [0x000001f7635d0000, 0x000001f763840000, 0x000001f76ab00000]
CodeHeap 'profiled nmethods': size=120000Kb used=2554Kb max_used=2554Kb free=117446Kb
 bounds [0x000001f75bb00000, 0x000001f75bd80000, 0x000001f763030000]
CodeHeap 'non-nmethods': size=5760Kb used=1201Kb max_used=1210Kb free=4558Kb
 bounds [0x000001f763030000, 0x000001f7632a0000, 0x000001f7635d0000]
 total_blobs=1858 nmethods=1351 adapters=420
 compilation: enabled
              stopped_count=0, restarted_count=0
 full_count=0

Compilation events (20 events):
Event: 1.511 Thread 0x000001f771874cf0 1326       3       java.lang.Float::isNaN (12 bytes)
Event: 1.511 Thread 0x000001f771874cf0 nmethod 1326 0x000001f75bd70290 code [0x000001f75bd70420, 0x000001f75bd70598]
Event: 1.516 Thread 0x000001f771874cf0 1329       3       java.lang.invoke.MemberName::<init> (50 bytes)
Event: 1.517 Thread 0x000001f771874cf0 nmethod 1329 0x000001f75bd70610 code [0x000001f75bd707e0, 0x000001f75bd70af8]
Event: 1.519 Thread 0x000001f771874cf0 1330       1       java.util.logging.LogManager$LoggerContext::getOwner (5 bytes)
Event: 1.519 Thread 0x000001f771874cf0 nmethod 1330 0x000001f76364c110 code [0x000001f76364c2a0, 0x000001f76364c378]
Event: 1.528 Thread 0x000001f771874cf0 1332       3       jdk.internal.loader.ClassLoaders::platformClassLoader (4 bytes)
Event: 1.528 Thread 0x000001f771874cf0 nmethod 1332 0x000001f75bd70c90 code [0x000001f75bd70e20, 0x000001f75bd70f18]
Event: 1.528 Thread 0x000001f771874cf0 1333   !   3       java.lang.invoke.MethodHandleNatives::linkMethodHandleConstant (50 bytes)
Event: 1.529 Thread 0x000001f771874cf0 nmethod 1333 0x000001f75bd70f90 code [0x000001f75bd71160, 0x000001f75bd71348]
Event: 1.529 Thread 0x000001f771874cf0 1334       3       java.lang.invoke.MethodHandles$Lookup::linkMethodHandleConstant (223 bytes)
Event: 1.531 Thread 0x000001f771874cf0 nmethod 1334 0x000001f75bd71510 code [0x000001f75bd718e0, 0x000001f75bd731a8]
Event: 1.531 Thread 0x000001f771874cf0 1335       3       java.lang.invoke.LambdaFormEditor::getInCache (165 bytes)
Event: 1.532 Thread 0x000001f771874cf0 nmethod 1335 0x000001f75bd73910 code [0x000001f75bd73b80, 0x000001f75bd74a78]
Event: 1.532 Thread 0x000001f771874cf0 1336       3       java.lang.invoke.MethodHandleNatives::findMethodHandleType (7 bytes)
Event: 1.532 Thread 0x000001f771874cf0 nmethod 1336 0x000001f75bd74e10 code [0x000001f75bd74fa0, 0x000001f75bd750c8]
Event: 1.536 Thread 0x000001f771874cf0 1337       3       java.util.HashMap::putVal (300 bytes)
Event: 1.537 Thread 0x000001f771874cf0 nmethod 1337 0x000001f75bd75190 code [0x000001f75bd75440, 0x000001f75bd76698]
Event: 1.537 Thread 0x000001f771874cf0 1338       3       sun.invoke.util.VerifyAccess::isTypeVisible (47 bytes)
Event: 1.538 Thread 0x000001f771874cf0 nmethod 1338 0x000001f75bd76b90 code [0x000001f75bd76d80, 0x000001f75bd77198]

GC Heap History (2 events):
Event: 0.937 GC heap before
{Heap before GC invocations=0 (full 0):
 garbage-first heap   total 98304K, used 23552K [0x00000000a1400000, 0x0000000100000000)
  region size 1024K, 23 young (23552K), 0 survivors (0K)
 Metaspace       used 9941K, committed 10112K, reserved 1114112K
  class space    used 1259K, committed 1344K, reserved 1048576K
}
Event: 0.945 GC heap after
{Heap after GC invocations=1 (full 0):
 garbage-first heap   total 98304K, used 5152K [0x00000000a1400000, 0x0000000100000000)
  region size 1024K, 3 young (3072K), 3 survivors (3072K)
 Metaspace       used 9941K, committed 10112K, reserved 1114112K
  class space    used 1259K, committed 1344K, reserved 1048576K
}

Dll operation events (9 events):
Event: 0.011 Loaded shared library C:\Program Files\Eclipse Adoptium\jdk-17.0.7.7-hotspot\bin\java.dll
Event: 0.022 Loaded shared library C:\Program Files\Eclipse Adoptium\jdk-17.0.7.7-hotspot\bin\jsvml.dll
Event: 0.104 Loaded shared library C:\Program Files\Eclipse Adoptium\jdk-17.0.7.7-hotspot\bin\net.dll
Event: 0.107 Loaded shared library C:\Program Files\Eclipse Adoptium\jdk-17.0.7.7-hotspot\bin\nio.dll
Event: 0.114 Loaded shared library C:\Program Files\Eclipse Adoptium\jdk-17.0.7.7-hotspot\bin\zip.dll
Event: 0.156 Loaded shared library C:\Program Files\Eclipse Adoptium\jdk-17.0.7.7-hotspot\bin\jimage.dll
Event: 0.769 Loaded shared library C:\Program Files\Eclipse Adoptium\jdk-17.0.7.7-hotspot\bin\verify.dll
Event: 1.526 Loaded shared library C:\Program Files\Eclipse Adoptium\jdk-17.0.7.7-hotspot\bin\management.dll
Event: 1.531 Loaded shared library C:\Program Files\Eclipse Adoptium\jdk-17.0.7.7-hotspot\bin\management_ext.dll

Deoptimization events (20 events):
Event: 0.895 Thread 0x000001f752843570 DEOPT PACKING pc=0x000001f75bcb37d6 sp=0x0000006a27cf7990
Event: 0.896 Thread 0x000001f752843570 DEOPT UNPACKING pc=0x000001f763087143 sp=0x0000006a27cf6e18 mode 0
Event: 0.982 Thread 0x000001f752843570 DEOPT PACKING pc=0x000001f75bcb37d6 sp=0x0000006a27cfd350
Event: 0.982 Thread 0x000001f752843570 DEOPT UNPACKING pc=0x000001f763087143 sp=0x0000006a27cfc7d8 mode 0
Event: 1.005 Thread 0x000001f752843570 Uncommon trap: trap_request=0xffffff45 fr.pc=0x000001f763617d94 relative=0x0000000000000274
Event: 1.005 Thread 0x000001f752843570 Uncommon trap: reason=unstable_if action=reinterpret pc=0x000001f763617d94 method=java.util.concurrent.ConcurrentHashMap.get(Ljava/lang/Object;)Ljava/lang/Object; @ 152 c2
Event: 1.005 Thread 0x000001f752843570 DEOPT PACKING pc=0x000001f763617d94 sp=0x0000006a27cfd290
Event: 1.005 Thread 0x000001f752843570 DEOPT UNPACKING pc=0x000001f7630869a3 sp=0x0000006a27cfd208 mode 2
Event: 1.174 Thread 0x000001f752843570 Uncommon trap: trap_request=0xffffff45 fr.pc=0x000001f763622684 relative=0x00000000000001c4
Event: 1.174 Thread 0x000001f752843570 Uncommon trap: reason=unstable_if action=reinterpret pc=0x000001f763622684 method=java.io.WinNTFileSystem.normalize(Ljava/lang/String;)Ljava/lang/String; @ 128 c2
Event: 1.174 Thread 0x000001f752843570 DEOPT PACKING pc=0x000001f763622684 sp=0x0000006a27cfcde0
Event: 1.174 Thread 0x000001f752843570 DEOPT UNPACKING pc=0x000001f7630869a3 sp=0x0000006a27cfcd68 mode 2
Event: 1.239 Thread 0x000001f752843570 Uncommon trap: trap_request=0xffffff45 fr.pc=0x000001f763624f08 relative=0x0000000000000fe8
Event: 1.239 Thread 0x000001f752843570 Uncommon trap: reason=unstable_if action=reinterpret pc=0x000001f763624f08 method=java.util.concurrent.ConcurrentHashMap.putVal(Ljava/lang/Object;Ljava/lang/Object;Z)Ljava/lang/Object; @ 231 c2
Event: 1.239 Thread 0x000001f752843570 DEOPT PACKING pc=0x000001f763624f08 sp=0x0000006a27cfdeb0
Event: 1.239 Thread 0x000001f752843570 DEOPT UNPACKING pc=0x000001f7630869a3 sp=0x0000006a27cfde20 mode 2
Event: 1.536 Thread 0x000001f752843570 Uncommon trap: trap_request=0xffffff45 fr.pc=0x000001f763648340 relative=0x0000000000000da0
Event: 1.536 Thread 0x000001f752843570 Uncommon trap: reason=unstable_if action=reinterpret pc=0x000001f763648340 method=java.util.HashMap.putVal(ILjava/lang/Object;Ljava/lang/Object;ZZ)Ljava/lang/Object; @ 236 c2
Event: 1.536 Thread 0x000001f752843570 DEOPT PACKING pc=0x000001f763648340 sp=0x0000006a27cfc600
Event: 1.536 Thread 0x000001f752843570 DEOPT UNPACKING pc=0x000001f7630869a3 sp=0x0000006a27cfc5e8 mode 2

Classes unloaded (0 events):
No events

Classes redefined (0 events):
No events

Internal exceptions (20 events):
Event: 0.281 Thread 0x000001f752843570 Exception <a 'java/io/FileNotFoundException'{0x00000000a6e61658}> (0x00000000a6e61658) 
thrown [s\src\hotspot\share\prims\jni.cpp, line 516]
Event: 0.319 Thread 0x000001f752843570 Exception <a 'java/lang/NoSuchMethodError'{0x00000000a6d21cb0}: 'void java.lang.invoke.DirectMethodHandle$Holder.invokeStatic(java.lang.Object, java.lang.Object, java.lang.Object)'> (0x00000000a6d21cb0) 
thrown [s\src\hotspot\share\interpreter\linkResolver.cpp, line 759]
Event: 0.410 Thread 0x000001f752843570 Exception <a 'java/lang/NoSuchMethodError'{0x00000000a6cfcdc0}: 'void java.lang.invoke.DirectMethodHandle$Holder.invokeSpecialIFC(java.lang.Object, java.lang.Object, java.lang.Object, java.lang.Object, java.lang.Object)'> (0x00000000a6cfcdc0) 
thrown [s\src\hotspot\share\interpreter\linkResolver.cpp, line 759]
Event: 0.411 Thread 0x000001f752843570 Exception <a 'java/lang/NoSuchMethodError'{0x00000000a6b055f8}: 'void java.lang.invoke.DirectMethodHandle$Holder.invokeStatic(java.lang.Object, java.lang.Object, java.lang.Object, java.lang.Object)'> (0x00000000a6b055f8) 
thrown [s\src\hotspot\share\interpreter\linkResolver.cpp, line 759]
Event: 0.413 Thread 0x000001f752843570 Exception <a 'java/lang/NoSuchMethodError'{0x00000000a6b0eda8}: 'int java.lang.invoke.DirectMethodHandle$Holder.invokeSpecial(java.lang.Object, java.lang.Object, java.lang.Object)'> (0x00000000a6b0eda8) 
thrown [s\src\hotspot\share\interpreter\linkResolver.cpp, line 759]
Event: 0.436 Thread 0x000001f752843570 Exception <a 'java/lang/NoSuchMethodError'{0x00000000a6bb7610}: 'java.lang.Object java.lang.invoke.DirectMethodHandle$Holder.invokeStaticInit(java.lang.Object, java.lang.Object, java.lang.Object)'> (0x00000000a6bb7610) 
thrown [s\src\hotspot\share\interpreter\linkResolver.cpp, line 759]
Event: 0.642 Thread 0x000001f752843570 Exception <a 'java/lang/ClassNotFoundException'{0x00000000a66e6678}: com/sun/org/apache/xerces/internal/impl/xpath/regex/spi/messageProvider> (0x00000000a66e6678) 
thrown [s\src\hotspot\share\classfile\systemDictionary.cpp, line 256]
Event: 1.096 Thread 0x000001f752843570 Exception <a 'java/lang/NoSuchMethodError'{0x00000000a70e9110}: 'java.lang.Object java.lang.invoke.DirectMethodHandle$Holder.invokeStaticInit(java.lang.Object, int, int, int, int)'> (0x00000000a70e9110) 
thrown [s\src\hotspot\share\interpreter\linkResolver.cpp, line 759]
Event: 1.190 Thread 0x000001f752843570 Exception <a 'java/lang/NoSuchMethodError'{0x00000000a6fa1590}: 'java.lang.Object java.lang.invoke.DirectMethodHandle$Holder.invokeStaticInit(java.lang.Object, java.lang.Object, int, int, int, int)'> (0x00000000a6fa1590) 
thrown [s\src\hotspot\share\interpreter\linkResolver.cpp, line 759]
Event: 1.310 Thread 0x000001f752843570 Exception <a 'java/lang/NoSuchMethodError'{0x00000000a6c94b30}: 'java.lang.Object java.lang.invoke.Invokers$Holder.invokeExact_MT(java.lang.Object, java.lang.Object, java.lang.Object, java.lang.Object, java.lang.Object, java.lang.Object)'> (0x00000000a6c94b30) 
thrown [s\src\hotspot\share\interpreter\linkResolver.cpp, line 759]
Event: 1.442 Thread 0x000001f752843570 Exception <a 'java/lang/NoSuchMethodError'{0x00000000a6721948}: 'java.lang.Object java.lang.invoke.DirectMethodHandle$Holder.invokeStatic(java.lang.Object, int, java.lang.Object)'> (0x00000000a6721948) 
thrown [s\src\hotspot\share\interpreter\linkResolver.cpp, line 759]
Event: 1.466 Thread 0x000001f752843570 Exception <a 'java/lang/NoSuchMethodError'{0x00000000a67b2638}: 'java.lang.Object java.lang.invoke.DirectMethodHandle$Holder.invokeVirtual(java.lang.Object, java.lang.Object, java.lang.Object, java.lang.Object)'> (0x00000000a67b2638) 
thrown [s\src\hotspot\share\interpreter\linkResolver.cpp, line 759]
Event: 1.477 Thread 0x000001f752843570 Exception <a 'java/lang/NoSuchMethodError'{0x00000000a6605c08}: 'int java.lang.invoke.DirectMethodHandle$Holder.invokeStatic(java.lang.Object, java.lang.Object, java.lang.Object, java.lang.Object)'> (0x00000000a6605c08) 
thrown [s\src\hotspot\share\interpreter\linkResolver.cpp, line 759]
Event: 1.477 Thread 0x000001f752843570 Exception <a 'java/lang/NoSuchMethodError'{0x00000000a6609410}: 'int java.lang.invoke.DirectMethodHandle$Holder.invokeStaticInit(java.lang.Object, java.lang.Object, java.lang.Object, java.lang.Object)'> (0x00000000a6609410) 
thrown [s\src\hotspot\share\interpreter\linkResolver.cpp, line 759]
Event: 1.478 Thread 0x000001f752843570 Exception <a 'java/lang/NoSuchMethodError'{0x00000000a6612938}: 'java.lang.Object java.lang.invoke.DirectMethodHandle$Holder.invokeInterface(java.lang.Object, java.lang.Object)'> (0x00000000a6612938) 
thrown [s\src\hotspot\share\interpreter\linkResolver.cpp, line 759]
Event: 1.478 Thread 0x000001f752843570 Exception <a 'java/lang/IncompatibleClassChangeError'{0x00000000a6616130}: Found class java.lang.Object, but interface was expected> (0x00000000a6616130) 
thrown [s\src\hotspot\share\interpreter\linkResolver.cpp, line 826]
Event: 1.478 Thread 0x000001f752843570 Exception <a 'java/lang/NoSuchMethodError'{0x00000000a66190c0}: 'void java.lang.invoke.DirectMethodHandle$Holder.invokeStatic(java.lang.Object, java.lang.Object)'> (0x00000000a66190c0) 
thrown [s\src\hotspot\share\interpreter\linkResolver.cpp, line 759]
Event: 1.478 Thread 0x000001f752843570 Exception <a 'java/lang/NoSuchMethodError'{0x00000000a661c8c0}: 'void java.lang.invoke.DirectMethodHandle$Holder.invokeStaticInit(java.lang.Object, java.lang.Object)'> (0x00000000a661c8c0) 
thrown [s\src\hotspot\share\interpreter\linkResolver.cpp, line 759]
Event: 1.479 Thread 0x000001f752843570 Exception <a 'java/lang/NoSuchMethodError'{0x00000000a66226f8}: 'int java.lang.invoke.DirectMethodHandle$Holder.invokeStaticInit(java.lang.Object, java.lang.Object)'> (0x00000000a66226f8) 
thrown [s\src\hotspot\share\interpreter\linkResolver.cpp, line 759]
Event: 1.498 Thread 0x000001f752843570 Exception <a 'java/lang/NoSuchMethodError'{0x00000000a66b8000}: 'java.lang.Object java.lang.invoke.DirectMethodHandle$Holder.invokeStaticInit(java.lang.Object)'> (0x00000000a66b8000) 
thrown [s\src\hotspot\share\interpreter\linkResolver.cpp, line 759]

VM Operations (18 events):
Event: 0.132 Executing VM operation: HandshakeAllThreads
Event: 0.132 Executing VM operation: HandshakeAllThreads done
Event: 0.514 Executing VM operation: HandshakeAllThreads
Event: 0.514 Executing VM operation: HandshakeAllThreads done
Event: 0.553 Executing VM operation: HandshakeAllThreads
Event: 0.553 Executing VM operation: HandshakeAllThreads done
Event: 0.664 Executing VM operation: HandshakeAllThreads
Event: 0.664 Executing VM operation: HandshakeAllThreads done
Event: 0.678 Executing VM operation: HandshakeAllThreads
Event: 0.678 Executing VM operation: HandshakeAllThreads done
Event: 0.747 Executing VM operation: HandshakeAllThreads
Event: 0.747 Executing VM operation: HandshakeAllThreads done
Event: 0.937 Executing VM operation: G1CollectForAllocation
Event: 0.945 Executing VM operation: G1CollectForAllocation done
Event: 1.081 Executing VM operation: HandshakeAllThreads
Event: 1.081 Executing VM operation: HandshakeAllThreads done
Event: 1.117 Executing VM operation: HandshakeAllThreads
Event: 1.117 Executing VM operation: HandshakeAllThreads done

Events (20 events):
Event: 1.535 loading class java/lang/management/DefaultPlatformMBeanProvider$9
Event: 1.536 loading class java/lang/management/DefaultPlatformMBeanProvider$9 done
Event: 1.536 loading class java/lang/management/DefaultPlatformMBeanProvider$10
Event: 1.536 loading class java/lang/management/DefaultPlatformMBeanProvider$10 done
Event: 1.536 loading class java/lang/management/DefaultPlatformMBeanProvider$11
Event: 1.536 loading class java/lang/management/DefaultPlatformMBeanProvider$11 done
Event: 1.536 loading class jdk/management/jfr/FlightRecorderMXBean
Event: 1.536 loading class jdk/management/jfr/FlightRecorderMXBean done
Event: 1.536 loading class jdk/management/jfr/internal/FlightRecorderMXBeanProvider$SingleMBeanComponent
Event: 1.536 loading class jdk/management/jfr/internal/FlightRecorderMXBeanProvider$SingleMBeanComponent done
Event: 1.537 loading class java/util/stream/ReduceOps$2
Event: 1.538 loading class java/util/stream/ReduceOps$2 done
Event: 1.538 loading class java/util/stream/ReduceOps$2ReducingSink
Event: 1.538 loading class java/util/stream/ReduceOps$2ReducingSink done
Event: 1.538 loading class sun/management/MemoryImpl
Event: 1.538 loading class sun/management/MemoryImpl done
Event: 1.538 loading class java/util/Collections$2
Event: 1.538 loading class java/util/Collections$2 done
Event: 1.539 loading class java/lang/management/MemoryUsage
Event: 1.539 loading class java/lang/management/MemoryUsage done


Dynamic libraries:
0x00007ff748d40000 - 0x00007ff748d4e000 	C:\Program Files\Eclipse Adoptium\jdk-17.0.7.7-hotspot\bin\javaw.exe
0x00007ffe859b0000 - 0x00007ffe85ba8000 	C:\WINDOWS\SYSTEM32\ntdll.dll
0x00007ffe51ae0000 - 0x00007ffe51af9000 	C:\Program Files\Avast Software\Avast\aswhook.dll
0x00007ffe83fc0000 - 0x00007ffe8407f000 	C:\WINDOWS\System32\KERNEL32.DLL
0x00007ffe83710000 - 0x00007ffe83a06000 	C:\WINDOWS\System32\KERNELBASE.dll
0x00007ffe833a0000 - 0x00007ffe834a0000 	C:\WINDOWS\System32\ucrtbase.dll
0x00007ffe52390000 - 0x00007ffe523a9000 	C:\Program Files\Eclipse Adoptium\jdk-17.0.7.7-hotspot\bin\VCRUNTIME140.dll
0x00007ffe7d230000 - 0x00007ffe7d247000 	C:\Program Files\Eclipse Adoptium\jdk-17.0.7.7-hotspot\bin\jli.dll
0x00007ffe83e20000 - 0x00007ffe83fbd000 	C:\WINDOWS\System32\USER32.dll
0x00007ffe832d0000 - 0x00007ffe832f2000 	C:\WINDOWS\System32\win32u.dll
0x00007ffe6dc80000 - 0x00007ffe6df1a000 	C:\WINDOWS\WinSxS\amd64_microsoft.windows.common-controls_6595b64144ccf1df_6.0.19041.1110_none_60b5254171f9507e\COMCTL32.dll
0x00007ffe83cf0000 - 0x00007ffe83d1c000 	C:\WINDOWS\System32\GDI32.dll
0x00007ffe83d80000 - 0x00007ffe83e1e000 	C:\WINDOWS\System32\msvcrt.dll
0x00007ffe83540000 - 0x00007ffe83655000 	C:\WINDOWS\System32\gdi32full.dll
0x00007ffe83300000 - 0x00007ffe8339d000 	C:\WINDOWS\System32\msvcp_win.dll
0x00007ffe84df0000 - 0x00007ffe84e20000 	C:\WINDOWS\System32\IMM32.DLL
0x00007ffe58ef0000 - 0x00007ffe58efc000 	C:\Program Files\Eclipse Adoptium\jdk-17.0.7.7-hotspot\bin\vcruntime140_1.dll
0x00007ffe45160000 - 0x00007ffe451f1000 	C:\Program Files\Eclipse Adoptium\jdk-17.0.7.7-hotspot\bin\msvcp140.dll
0x00007ffe363f0000 - 0x00007ffe37038000 	C:\Program Files\Eclipse Adoptium\jdk-17.0.7.7-hotspot\bin\server\jvm.dll
0x00007ffe84c00000 - 0x00007ffe84caf000 	C:\WINDOWS\System32\ADVAPI32.dll
0x00007ffe85850000 - 0x00007ffe858ec000 	C:\WINDOWS\System32\sechost.dll
0x00007ffe84710000 - 0x00007ffe84836000 	C:\WINDOWS\System32\RPCRT4.dll
0x00007ffe7a2a0000 - 0x00007ffe7a2aa000 	C:\WINDOWS\SYSTEM32\VERSION.dll
0x00007ffe6cbb0000 - 0x00007ffe6cbb9000 	C:\WINDOWS\SYSTEM32\WSOCK32.dll
0x00007ffe84f30000 - 0x00007ffe84f9b000 	C:\WINDOWS\System32\WS2_32.dll
0x00007ffe78bd0000 - 0x00007ffe78bf7000 	C:\WINDOWS\SYSTEM32\WINMM.dll
0x00007ffe818d0000 - 0x00007ffe818e2000 	C:\WINDOWS\SYSTEM32\kernel.appcore.dll
0x00007ffe804e0000 - 0x00007ffe804ea000 	C:\Program Files\Eclipse Adoptium\jdk-17.0.7.7-hotspot\bin\jimage.dll
0x00007ffe80f10000 - 0x00007ffe810f4000 	C:\WINDOWS\SYSTEM32\DBGHELP.DLL
0x00007ffe707b0000 - 0x00007ffe707e4000 	C:\WINDOWS\SYSTEM32\dbgcore.DLL
0x00007ffe83090000 - 0x00007ffe83112000 	C:\WINDOWS\System32\bcryptPrimitives.dll
0x00007ffe7c990000 - 0x00007ffe7c9b5000 	C:\Program Files\Eclipse Adoptium\jdk-17.0.7.7-hotspot\bin\java.dll
0x00007ffe7c8b0000 - 0x00007ffe7c986000 	C:\Program Files\Eclipse Adoptium\jdk-17.0.7.7-hotspot\bin\jsvml.dll
0x00007ffe84fd0000 - 0x00007ffe85714000 	C:\WINDOWS\System32\SHELL32.dll
0x00007ffe81120000 - 0x00007ffe818b4000 	C:\WINDOWS\SYSTEM32\windows.storage.dll
0x00007ffe848a0000 - 0x00007ffe84bf4000 	C:\WINDOWS\System32\combase.dll
0x00007ffe82a00000 - 0x00007ffe82a2e000 	C:\WINDOWS\SYSTEM32\Wldp.dll
0x00007ffe84e80000 - 0x00007ffe84f2d000 	C:\WINDOWS\System32\SHCORE.dll
0x00007ffe83d20000 - 0x00007ffe83d75000 	C:\WINDOWS\System32\shlwapi.dll
0x00007ffe82fc0000 - 0x00007ffe82fe5000 	C:\WINDOWS\SYSTEM32\profapi.dll
0x00007ffe7c890000 - 0x00007ffe7c8a9000 	C:\Program Files\Eclipse Adoptium\jdk-17.0.7.7-hotspot\bin\net.dll
0x00007ffe78500000 - 0x00007ffe7860a000 	C:\WINDOWS\SYSTEM32\WINHTTP.dll
0x00007ffe82760000 - 0x00007ffe827ca000 	C:\WINDOWS\system32\mswsock.dll
0x00007ffe7c870000 - 0x00007ffe7c885000 	C:\Program Files\Eclipse Adoptium\jdk-17.0.7.7-hotspot\bin\nio.dll
0x00007ffe7d150000 - 0x00007ffe7d168000 	C:\Program Files\Eclipse Adoptium\jdk-17.0.7.7-hotspot\bin\zip.dll
0x00007ffe804c0000 - 0x00007ffe804d0000 	C:\Program Files\Eclipse Adoptium\jdk-17.0.7.7-hotspot\bin\verify.dll
0x00007ffe82950000 - 0x00007ffe82968000 	C:\WINDOWS\SYSTEM32\CRYPTSP.dll
0x00007ffe82080000 - 0x00007ffe820b4000 	C:\WINDOWS\system32\rsaenh.dll
0x00007ffe834a0000 - 0x00007ffe834c7000 	C:\WINDOWS\System32\bcrypt.dll
0x00007ffe82f40000 - 0x00007ffe82f6e000 	C:\WINDOWS\SYSTEM32\USERENV.dll
0x00007ffe82970000 - 0x00007ffe8297c000 	C:\WINDOWS\SYSTEM32\CRYPTBASE.dll
0x00007ffe82450000 - 0x00007ffe8248c000 	C:\WINDOWS\SYSTEM32\IPHLPAPI.DLL
0x00007ffe84fa0000 - 0x00007ffe84fa8000 	C:\WINDOWS\System32\NSI.dll
0x00007ffe78ae0000 - 0x00007ffe78af7000 	C:\WINDOWS\SYSTEM32\dhcpcsvc6.DLL
0x00007ffe79060000 - 0x00007ffe7907d000 	C:\WINDOWS\SYSTEM32\dhcpcsvc.DLL
0x00007ffe82490000 - 0x00007ffe8255a000 	C:\WINDOWS\SYSTEM32\DNSAPI.dll
0x00007ffe6df20000 - 0x00007ffe6df2a000 	C:\Windows\System32\rasadhlp.dll
0x00007ffe6eed0000 - 0x00007ffe6ef52000 	C:\WINDOWS\System32\fwpuclnt.dll
0x00007ffe7ead0000 - 0x00007ffe7ead9000 	C:\Program Files\Eclipse Adoptium\jdk-17.0.7.7-hotspot\bin\management.dll
0x00007ffe7c800000 - 0x00007ffe7c80b000 	C:\Program Files\Eclipse Adoptium\jdk-17.0.7.7-hotspot\bin\management_ext.dll
0x00007ffe83ce0000 - 0x00007ffe83ce8000 	C:\WINDOWS\System32\PSAPI.DLL

dbghelp: loaded successfully - version: 4.0.5 - missing functions: none
symbol engine: initialized successfully - sym options: 0x614 - pdb path: .;C:\Program Files\Eclipse Adoptium\jdk-17.0.7.7-hotspot\bin;C:\WINDOWS\SYSTEM32;C:\Program Files\Avast Software\Avast;C:\WINDOWS\WinSxS\amd64_microsoft.windows.common-controls_6595b64144ccf1df_6.0.19041.1110_none_60b5254171f9507e;C:\Program Files\Eclipse Adoptium\jdk-17.0.7.7-hotspot\bin\server

VM Arguments:
jvm_args: -Dfile.encoding=UTF-8 -XX:+ShowCodeDetailsInExceptionMessages 
java_command: week16BW.main.Main
java_class_path (initial): C:\Users\Franc\Desktop\Epicode\Java1\Modulo1\Week16BW\target\classes;C:\Users\Franc\.m2\repository\org\postgresql\postgresql\42.6.0\postgresql-42.6.0.jar;C:\Users\Franc\.m2\repository\org\checkerframework\checker-qual\3.31.0\checker-qual-3.31.0.jar;C:\Users\Franc\.m2\repository\org\hibernate\hibernate-entitymanager\5.6.15.Final\hibernate-entitymanager-5.6.15.Final.jar;C:\Users\Franc\.m2\repository\org\jboss\logging\jboss-logging\3.4.3.Final\jboss-logging-3.4.3.Final.jar;C:\Users\Franc\.m2\repository\org\hibernate\hibernate-core\5.6.15.Final\hibernate-core-5.6.15.Final.jar;C:\Users\Franc\.m2\repository\antlr\antlr\2.7.7\antlr-2.7.7.jar;C:\Users\Franc\.m2\repository\org\jboss\jandex\2.4.2.Final\jandex-2.4.2.Final.jar;C:\Users\Franc\.m2\repository\com\fasterxml\classmate\1.5.1\classmate-1.5.1.jar;C:\Users\Franc\.m2\repository\javax\activation\javax.activation-api\1.2.0\javax.activation-api-1.2.0.jar;C:\Users\Franc\.m2\repository\javax\xml\bind\jaxb-api\2.3.1\jaxb-api-2.3.1.jar;C:\Users\Franc\.m2\repository\org\glassfish\jaxb\jaxb-runtime\2.3.1\jaxb-runtime-2.3.1.jar;C:\Users\Franc\.m2\repository\org\glassfish\jaxb\txw2\2.3.1\txw2-2.3.1.jar;C:\Users\Franc\.m2\repository\com\sun\istack\istack-commons-runtime\3.0.7\istack-commons-runtime-3.0.7.jar;C:\Users\Franc\.m2\repository\org\jvnet\staxex\stax-ex\1.8\stax-ex-1.8.jar;C:\Users\Franc\.m2\repository\com\sun\xml\fastinfoset\FastInfoset\1.2.15\FastInfoset-1.2.15.jar;C:\Users\Franc\.m2\repository\org\hibernate\common\hibernate-commons-annotations\5.1.2.Final\hibernate-commons-annotations-5.1.2.Final.jar;C:\Users\Franc\.m2\repository\javax\persistence\javax.persistence-api\2.2\javax.persistence-api-2.2.jar;C:\Users\Franc\.m2\repository\net\bytebuddy\byte-buddy\1.12.18\byte-buddy-1.12.18.jar;C:\Users\Franc\.m2\repository\org\jboss\spec\javax\transaction\jboss-transaction-api_1.2_spec\1.1.1.Final\jboss-transaction-api_1.2_spec-1.1.1.Final.jar;C:\Users\Franc\.m2\repository\ch\qos\logback\logback-cla
Launcher Type: SUN_STANDARD

[Global flags]
     intx CICompilerCount                          = 4                                         {product} {ergonomic}
     uint ConcGCThreads                            = 2                                         {product} {ergonomic}
     uint G1ConcRefinementThreads                  = 8                                         {product} {ergonomic}
   size_t G1HeapRegionSize                         = 1048576                                   {product} {ergonomic}
    uintx GCDrainStackTargetSize                   = 64                                        {product} {ergonomic}
   size_t InitialHeapSize                          = 100663296                                 {product} {ergonomic}
   size_t MarkStackSize                            = 4194304                                   {product} {ergonomic}
   size_t MaxHeapSize                              = 1589641216                                {product} {ergonomic}
   size_t MaxNewSize                               = 953155584                                 {product} {ergonomic}
   size_t MinHeapDeltaBytes                        = 1048576                                   {product} {ergonomic}
   size_t MinHeapSize                              = 8388608                                   {product} {ergonomic}
    uintx NonNMethodCodeHeapSize                   = 5839372                                {pd product} {ergonomic}
    uintx NonProfiledCodeHeapSize                  = 122909434                              {pd product} {ergonomic}
    uintx ProfiledCodeHeapSize                     = 122909434                              {pd product} {ergonomic}
    uintx ReservedCodeCacheSize                    = 251658240                              {pd product} {ergonomic}
     bool SegmentedCodeCache                       = true                                      {product} {ergonomic}
     bool ShowCodeDetailsInExceptionMessages       = true                                   {manageable} {command line}
   size_t SoftMaxHeapSize                          = 1589641216                             {manageable} {ergonomic}
     bool UseCompressedClassPointers               = true                           {product lp64_product} {ergonomic}
     bool UseCompressedOops                        = true                           {product lp64_product} {ergonomic}
     bool UseG1GC                                  = true                                      {product} {ergonomic}
     bool UseLargePagesIndividualAllocation        = false                                  {pd product} {ergonomic}

Logging:
Log output configuration:
 #0: stdout all=warning uptime,level,tags
 #1: stderr all=off uptime,level,tags

Environment Variables:
JAVA_HOME=C:\Program Files\Eclipse Adoptium\jdk-17.0.7.7-hotspot\
PATH=C:/Program Files/Eclipse Adoptium/jdk-17.0.7.7-hotspot/bin/server;C:/Program Files/Eclipse Adoptium/jdk-17.0.7.7-hotspot/bin;C:\Program Files\Eclipse Adoptium\jdk-17.0.7.7-hotspot\bin;C:\Python311\Scripts\;C:\Python311\;C:\WINDOWS\system32;C:\WINDOWS;C:\WINDOWS\System32\Wbem;C:\WINDOWS\System32\WindowsPowerShell\v1.0\;C:\WINDOWS\System32\OpenSSH\;C:\Program Files\Git\cmd;C:\Program Files\nodejs\;C:\ProgramData\chocolatey\bin;C:\Users\Franc\AppData\Local\Programs\Python\Python36-32\Scripts\;C:\Users\Franc\AppData\Local\Programs\Python\Python36-32\;C:\Users\Franc\AppData\Local\Microsoft\WindowsApps;C:\Users\Franc\AppData\Local\Programs\Microsoft VS Code\bin;C:\Users\Franc\AppData\Roaming\npm;C:\Users\Franc\AppData\Local\GitHubDesktop\bin;C:\Users\Franc\Desktop;
USERNAME=Franc
OS=Windows_NT
PROCESSOR_IDENTIFIER=AMD64 Family 23 Model 24 Stepping 1, AuthenticAMD
TMP=C:\Users\Franc\AppData\Local\Temp
TEMP=C:\Users\Franc\AppData\Local\Temp



---------------  S Y S T E M  ---------------

OS:
 Windows 10 , 64 bit Build 19041 (10.0.19041.3155)
OS uptime: 0 days 15:33 hours

CPU: total 8 (initial active 8) (8 cores per cpu, 2 threads per core) family 23 model 24 stepping 1 microcode 0x0, cx8, cmov, fxsr, ht, mmx, 3dnowpref, sse, sse2, sse3, ssse3, sse4a, sse4.1, sse4.2, popcnt, lzcnt, tsc, tscinvbit, avx, avx2, aes, clmul, bmi1, bmi2, adx, sha, fma, vzeroupper, clflush, clflushopt

Memory: 4k page, system-wide physical 6057M (335M free)
TotalPageFile size 24489M (AvailPageFile size 4M)
current process WorkingSet (physical memory assigned to process): 94M, peak: 94M
current process commit charge ("private bytes"): 206M, peak: 206M

vm_info: OpenJDK 64-Bit Server VM (17.0.7+7) for windows-amd64 JRE (17.0.7+7), built on Apr 18 2023 22:10:42 by "temurin" with MS VC++ 16.7 (VS2019)

END.
